Using pre-set license
Built from '2020.2/release' branch; Version is '2020.2.2f1 (068178b99f32) revision 426360'; Using compiler version '192528614'; Build Type 'Release'
OS: 'Windows 10 Home; OS build 19042.804; Version 2009; 64bit' Language: 'en' Physical Memory: 16311 MB
BatchMode: 1, IsHumanControllingUs: 0, StartBugReporterOnCrash: 0, Is64bit: 1, IsPro: 0

 COMMAND LINE ARGUMENTS:
C:\Program Files\Unity\Hub\Editor\2020.2.2f1\Editor\Unity.exe
-adb2
-batchMode
-noUpm
-name
AssetImportWorker0
-projectPath
C:/Users/joemi/Documents/Joe/Games/GamesProject/GamesCW
-logFile
Logs/AssetImportWorker0.log
-srvPort
55674
Successfully changed project path to: C:/Users/joemi/Documents/Joe/Games/GamesProject/GamesCW
C:/Users/joemi/Documents/Joe/Games/GamesProject/GamesCW
Using Asset Import Pipeline V2.
Refreshing native plugins compatible for Editor in 29.70 ms, found 0 plugins.
Preloading 0 native plugins for Editor in 0.00 ms.
Initialize engine version: 2020.2.2f1 (068178b99f32)
[Subsystems] Discovering subsystems at path C:/Program Files/Unity/Hub/Editor/2020.2.2f1/Editor/Data/Resources/UnitySubsystems
[Subsystems] Discovering subsystems at path C:/Users/joemi/Documents/Joe/Games/GamesProject/GamesCW/Assets
GfxDevice: creating device client; threaded=0
Direct3D:
    Version:  Direct3D 11.0 [level 11.1]
    Renderer: NVIDIA GeForce GTX 1060 3GB (ID=0x1c02)
    Vendor:   
    VRAM:     2988 MB
    Driver:   27.21.14.6140
Initialize mono
Mono path[0] = 'C:/Program Files/Unity/Hub/Editor/2020.2.2f1/Editor/Data/Managed'
Mono path[1] = 'C:/Program Files/Unity/Hub/Editor/2020.2.2f1/Editor/Data/MonoBleedingEdge/lib/mono/unityjit'
Mono config path = 'C:/Program Files/Unity/Hub/Editor/2020.2.2f1/Editor/Data/MonoBleedingEdge/etc'
Using monoOptions --debugger-agent=transport=dt_socket,embedding=1,server=y,suspend=n,address=127.0.0.1:56304
Begin MonoManager ReloadAssembly
Registering precompiled unity dll's ...
Register platform support module: C:/Program Files/Unity/Hub/Editor/2020.2.2f1/Editor/Data/PlaybackEngines/WindowsStandaloneSupport/UnityEditor.WindowsStandalone.Extensions.dll
Registered in 0.002448 seconds.
Native extension for WindowsStandalone target not found
Refreshing native plugins compatible for Editor in 28.18 ms, found 0 plugins.
Preloading 0 native plugins for Editor in 0.00 ms.
Invoked RoslynAnalysisRunner static constructor.
RoslynAnalysisRunner will not be running.
RoslynAnalysisRunner has terminated.
Mono: successfully reloaded assembly
- Completed reload, in  1.667 seconds
Platform modules already initialized, skipping
Registering precompiled user dll's ...
Registered in 0.000703 seconds.
Begin MonoManager ReloadAssembly
Native extension for WindowsStandalone target not found
Refreshing native plugins compatible for Editor in 0.25 ms, found 0 plugins.
Preloading 0 native plugins for Editor in 0.00 ms.
Invoked RoslynAnalysisRunner static constructor.
RoslynAnalysisRunner will not be running.
RoslynAnalysisRunner has terminated.
Mono: successfully reloaded assembly
- Completed reload, in  1.411 seconds
Platform modules already initialized, skipping
========================================================================
Worker process is ready to serve import requests
Launched and connected shader compiler UnityShaderCompiler.exe after 0.22 seconds
Refreshing native plugins compatible for Editor in 0.25 ms, found 0 plugins.
Preloading 0 native plugins for Editor in 0.00 ms.
Unloading 1119 Unused Serialized files (Serialized files now loaded: 0)
System memory in use before: 57.3 MB.
System memory in use after: 57.4 MB.

Unloading 10 unused Assets to reduce memory usage. Loaded Objects now: 1561.
Total: 4.546100 ms (FindLiveObjects: 2.538400 ms CreateObjectMapping: 0.182700 ms MarkObjects: 1.734800 ms  DeleteObjects: 0.088700 ms)

========================================================================
Received Import Request.
  path: Assets/Objects/Player/Player.prefab
  artifactKey: Guid(574864fe2d1904b4d90d30a8d735d758) Importer(815301076,1909f56bfc062723c751e8b465ee728b)
Start importing Assets/Objects/Player/Player.prefab using Guid(574864fe2d1904b4d90d30a8d735d758) Importer(815301076,1909f56bfc062723c751e8b465ee728b)  -> (artifact id: '831eb21e08f52fa95e58a5800f644d3a') in 0.179548 seconds
  Import took 0.272457 seconds .

========================================================================
Received Import Request.
  Time since last request: 0.000365 seconds.
  path: Assets/Objects/Player/Player.cs
  artifactKey: Guid(b1cd197cd76ac29498172bddbb924f65) Importer(815301076,1909f56bfc062723c751e8b465ee728b)
Start importing Assets/Objects/Player/Player.cs using Guid(b1cd197cd76ac29498172bddbb924f65) Importer(815301076,1909f56bfc062723c751e8b465ee728b)  -> (artifact id: 'eb4a84882295e200d6828f6d231d2522') in 0.010686 seconds
  Import took 0.206173 seconds .

========================================================================
Received Import Request.
  Time since last request: 88.962027 seconds.
  path: Assets/Objects/Player/Player.cs
  artifactKey: Guid(b1cd197cd76ac29498172bddbb924f65) Importer(815301076,1909f56bfc062723c751e8b465ee728b)
Start importing Assets/Objects/Player/Player.cs using Guid(b1cd197cd76ac29498172bddbb924f65) Importer(815301076,1909f56bfc062723c751e8b465ee728b)  -> (artifact id: 'e05c7c0fa373135075fc5e01885b1765') in 0.005034 seconds
  Import took 0.022443 seconds .

========================================================================
Received Import Request.
  Time since last request: 0.092879 seconds.
  path: Assets/Objects/Player/Player.cs
  artifactKey: Guid(b1cd197cd76ac29498172bddbb924f65) Importer(815301076,1909f56bfc062723c751e8b465ee728b)
Start importing Assets/Objects/Player/Player.cs using Guid(b1cd197cd76ac29498172bddbb924f65) Importer(815301076,1909f56bfc062723c751e8b465ee728b)  -> (artifact id: 'e05c7c0fa373135075fc5e01885b1765') in 0.009443 seconds
  Import took 0.013508 seconds .

========================================================================
Received Prepare
Registering precompiled user dll's ...
Registered in 0.000728 seconds.
Begin MonoManager ReloadAssembly
Native extension for WindowsStandalone target not found
Refreshing native plugins compatible for Editor in 0.29 ms, found 0 plugins.
Preloading 0 native plugins for Editor in 0.00 ms.
Invoked RoslynAnalysisRunner static constructor.
RoslynAnalysisRunner will not be running.
RoslynAnalysisRunner has terminated.
Mono: successfully reloaded assembly
- Completed reload, in  1.081 seconds
Platform modules already initialized, skipping
Refreshing native plugins compatible for Editor in 0.24 ms, found 0 plugins.
Preloading 0 native plugins for Editor in 0.00 ms.
Unloading 1114 Unused Serialized files (Serialized files now loaded: 0)
System memory in use before: 60.7 MB.
System memory in use after: 60.8 MB.

Unloading 6 unused Assets to reduce memory usage. Loaded Objects now: 1573.
Total: 2.129000 ms (FindLiveObjects: 0.197300 ms CreateObjectMapping: 0.084000 ms MarkObjects: 1.781600 ms  DeleteObjects: 0.064700 ms)

========================================================================
Received Import Request.
  Time since last request: 23.927860 seconds.
  path: Assets/Objects/Player/Player.prefab
  artifactKey: Guid(574864fe2d1904b4d90d30a8d735d758) Importer(815301076,1909f56bfc062723c751e8b465ee728b)
Start importing Assets/Objects/Player/Player.prefab using Guid(574864fe2d1904b4d90d30a8d735d758) Importer(815301076,1909f56bfc062723c751e8b465ee728b)  -> (artifact id: 'ccad927a11d8e3e9c220140600187c8a') in 0.109171 seconds
  Import took 0.167046 seconds .

========================================================================
Received Import Request.
  Time since last request: 0.000371 seconds.
  path: Assets/Objects/Player/Player.cs
  artifactKey: Guid(b1cd197cd76ac29498172bddbb924f65) Importer(815301076,1909f56bfc062723c751e8b465ee728b)
Start importing Assets/Objects/Player/Player.cs using Guid(b1cd197cd76ac29498172bddbb924f65) Importer(815301076,1909f56bfc062723c751e8b465ee728b)  -> (artifact id: '0065bd97d0aed263138d60ce6300a006') in 0.004951 seconds
  Import took 0.007667 seconds .

========================================================================
Received Import Request.
  Time since last request: 75.558908 seconds.
  path: Assets/Objects/Player/Weapons/Test/Hitbox/Projectile.prefab
  artifactKey: Guid(b0dd931008cfc84429019a1c000f6d18) Importer(815301076,1909f56bfc062723c751e8b465ee728b)
Start importing Assets/Objects/Player/Weapons/Test/Hitbox/Projectile.prefab using Guid(b0dd931008cfc84429019a1c000f6d18) Importer(815301076,1909f56bfc062723c751e8b465ee728b)  -> (artifact id: 'd25df983e250762bbc41359d63f51d6e') in 0.112928 seconds
  Import took 0.132864 seconds .

========================================================================
Received Import Request.
  Time since last request: 11.848808 seconds.
  path: Assets/Objects/Player/Weapons/Test/Hitbox/Projectile.prefab
  artifactKey: Guid(b0dd931008cfc84429019a1c000f6d18) Importer(815301076,1909f56bfc062723c751e8b465ee728b)
Start importing Assets/Objects/Player/Weapons/Test/Hitbox/Projectile.prefab using Guid(b0dd931008cfc84429019a1c000f6d18) Importer(815301076,1909f56bfc062723c751e8b465ee728b)  -> (artifact id: 'bd05e9e3686df5f733d8d73788578daf') in 0.013217 seconds
  Import took 0.024133 seconds .

========================================================================
Received Prepare
Registering precompiled user dll's ...
Registered in 0.000706 seconds.
Begin MonoManager ReloadAssembly
Native extension for WindowsStandalone target not found
Refreshing native plugins compatible for Editor in 0.24 ms, found 0 plugins.
Preloading 0 native plugins for Editor in 0.00 ms.
Invoked RoslynAnalysisRunner static constructor.
RoslynAnalysisRunner will not be running.
RoslynAnalysisRunner has terminated.
Mono: successfully reloaded assembly
- Completed reload, in  0.983 seconds
Platform modules already initialized, skipping
Refreshing native plugins compatible for Editor in 0.24 ms, found 0 plugins.
Preloading 0 native plugins for Editor in 0.00 ms.
Unloading 1114 Unused Serialized files (Serialized files now loaded: 0)
System memory in use before: 60.9 MB.
System memory in use after: 61.0 MB.

Unloading 6 unused Assets to reduce memory usage. Loaded Objects now: 1576.
Total: 2.137600 ms (FindLiveObjects: 0.179500 ms CreateObjectMapping: 0.076100 ms MarkObjects: 1.784000 ms  DeleteObjects: 0.096200 ms)

========================================================================
Received Prepare
Registering precompiled user dll's ...
Registered in 0.000790 seconds.
Begin MonoManager ReloadAssembly
Native extension for WindowsStandalone target not found
Refreshing native plugins compatible for Editor in 0.41 ms, found 0 plugins.
Preloading 0 native plugins for Editor in 0.00 ms.
Invoked RoslynAnalysisRunner static constructor.
RoslynAnalysisRunner will not be running.
RoslynAnalysisRunner has terminated.
Mono: successfully reloaded assembly
- Completed reload, in  1.042 seconds
Platform modules already initialized, skipping
Refreshing native plugins compatible for Editor in 0.24 ms, found 0 plugins.
Preloading 0 native plugins for Editor in 0.00 ms.
Unloading 1114 Unused Serialized files (Serialized files now loaded: 0)
System memory in use before: 61.1 MB.
System memory in use after: 61.2 MB.

Unloading 5 unused Assets to reduce memory usage. Loaded Objects now: 1578.
Total: 2.275000 ms (FindLiveObjects: 0.204700 ms CreateObjectMapping: 0.103900 ms MarkObjects: 1.889900 ms  DeleteObjects: 0.065500 ms)

========================================================================
Received Import Request.
  Time since last request: 109.751282 seconds.
  path: Assets/Objects/Player/Player.prefab
  artifactKey: Guid(574864fe2d1904b4d90d30a8d735d758) Importer(815301076,1909f56bfc062723c751e8b465ee728b)
Start importing Assets/Objects/Player/Player.prefab using Guid(574864fe2d1904b4d90d30a8d735d758) Importer(815301076,1909f56bfc062723c751e8b465ee728b)  -> (artifact id: '5c95092dddb2507a1850fd797f1c6988') in 0.070064 seconds
  Import took 0.073384 seconds .

========================================================================
Received Prepare
Registering precompiled user dll's ...
Registered in 0.000679 seconds.
Begin MonoManager ReloadAssembly
Native extension for WindowsStandalone target not found
Refreshing native plugins compatible for Editor in 0.28 ms, found 0 plugins.
Preloading 0 native plugins for Editor in 0.00 ms.
Invoked RoslynAnalysisRunner static constructor.
RoslynAnalysisRunner will not be running.
RoslynAnalysisRunner has terminated.
Mono: successfully reloaded assembly
- Completed reload, in  0.973 seconds
Platform modules already initialized, skipping
Refreshing native plugins compatible for Editor in 0.27 ms, found 0 plugins.
Preloading 0 native plugins for Editor in 0.00 ms.
Unloading 1114 Unused Serialized files (Serialized files now loaded: 0)
System memory in use before: 61.3 MB.
System memory in use after: 61.4 MB.

Unloading 6 unused Assets to reduce memory usage. Loaded Objects now: 1581.
Total: 1.973100 ms (FindLiveObjects: 0.158900 ms CreateObjectMapping: 0.073200 ms MarkObjects: 1.676100 ms  DeleteObjects: 0.063900 ms)

========================================================================
Received Prepare
Registering precompiled user dll's ...
Registered in 0.000750 seconds.
Begin MonoManager ReloadAssembly
Native extension for WindowsStandalone target not found
Refreshing native plugins compatible for Editor in 0.28 ms, found 0 plugins.
Preloading 0 native plugins for Editor in 0.00 ms.
Invoked RoslynAnalysisRunner static constructor.
RoslynAnalysisRunner will not be running.
RoslynAnalysisRunner has terminated.
Mono: successfully reloaded assembly
- Completed reload, in  0.919 seconds
Platform modules already initialized, skipping
Refreshing native plugins compatible for Editor in 0.28 ms, found 0 plugins.
Preloading 0 native plugins for Editor in 0.00 ms.
Unloading 1114 Unused Serialized files (Serialized files now loaded: 0)
System memory in use before: 61.4 MB.
System memory in use after: 61.4 MB.

Unloading 5 unused Assets to reduce memory usage. Loaded Objects now: 1583.
Total: 2.195100 ms (FindLiveObjects: 0.213800 ms CreateObjectMapping: 0.096500 ms MarkObjects: 1.786900 ms  DeleteObjects: 0.096500 ms)

========================================================================
Received Import Request.
  Time since last request: 230.797930 seconds.
  path: Assets/Objects/Player/Player.prefab
  artifactKey: Guid(574864fe2d1904b4d90d30a8d735d758) Importer(815301076,1909f56bfc062723c751e8b465ee728b)
Start importing Assets/Objects/Player/Player.prefab using Guid(574864fe2d1904b4d90d30a8d735d758) Importer(815301076,1909f56bfc062723c751e8b465ee728b)  -> (artifact id: '7e6037bd01a7633407271b6101b73c90') in 0.082934 seconds
  Import took 0.092294 seconds .

========================================================================
Received Prepare
Registering precompiled user dll's ...
Registered in 0.000696 seconds.
Begin MonoManager ReloadAssembly
Native extension for WindowsStandalone target not found
Refreshing native plugins compatible for Editor in 0.24 ms, found 0 plugins.
Preloading 0 native plugins for Editor in 0.00 ms.
Invoked RoslynAnalysisRunner static constructor.
RoslynAnalysisRunner will not be running.
RoslynAnalysisRunner has terminated.
Mono: successfully reloaded assembly
- Completed reload, in  0.994 seconds
Platform modules already initialized, skipping
Refreshing native plugins compatible for Editor in 0.31 ms, found 0 plugins.
Preloading 0 native plugins for Editor in 0.00 ms.
Unloading 1114 Unused Serialized files (Serialized files now loaded: 0)
System memory in use before: 61.7 MB.
System memory in use after: 61.8 MB.

Unloading 6 unused Assets to reduce memory usage. Loaded Objects now: 1586.
Total: 2.379500 ms (FindLiveObjects: 0.219500 ms CreateObjectMapping: 0.093500 ms MarkObjects: 1.971800 ms  DeleteObjects: 0.093100 ms)

========================================================================
Received Prepare
Registering precompiled user dll's ...
Registered in 0.000746 seconds.
Begin MonoManager ReloadAssembly
Native extension for WindowsStandalone target not found
Refreshing native plugins compatible for Editor in 0.25 ms, found 0 plugins.
Preloading 0 native plugins for Editor in 0.00 ms.
Invoked RoslynAnalysisRunner static constructor.
RoslynAnalysisRunner will not be running.
RoslynAnalysisRunner has terminated.
Mono: successfully reloaded assembly
- Completed reload, in  0.957 seconds
Platform modules already initialized, skipping
Refreshing native plugins compatible for Editor in 0.42 ms, found 0 plugins.
Preloading 0 native plugins for Editor in 0.00 ms.
Unloading 1114 Unused Serialized files (Serialized files now loaded: 0)
System memory in use before: 61.9 MB.
System memory in use after: 62.0 MB.

Unloading 5 unused Assets to reduce memory usage. Loaded Objects now: 1588.
Total: 2.606500 ms (FindLiveObjects: 0.566500 ms CreateObjectMapping: 0.113500 ms MarkObjects: 1.845600 ms  DeleteObjects: 0.078300 ms)

========================================================================
Received Prepare
Registering precompiled user dll's ...
Registered in 0.000797 seconds.
Begin MonoManager ReloadAssembly
Native extension for WindowsStandalone target not found
Refreshing native plugins compatible for Editor in 0.26 ms, found 0 plugins.
Preloading 0 native plugins for Editor in 0.00 ms.
Invoked RoslynAnalysisRunner static constructor.
RoslynAnalysisRunner will not be running.
RoslynAnalysisRunner has terminated.
Mono: successfully reloaded assembly
- Completed reload, in  0.957 seconds
Platform modules already initialized, skipping
Refreshing native plugins compatible for Editor in 0.25 ms, found 0 plugins.
Preloading 0 native plugins for Editor in 0.00 ms.
Unloading 1114 Unused Serialized files (Serialized files now loaded: 0)
System memory in use before: 62.1 MB.
System memory in use after: 62.2 MB.

Unloading 5 unused Assets to reduce memory usage. Loaded Objects now: 1590.
Total: 2.392300 ms (FindLiveObjects: 0.182400 ms CreateObjectMapping: 0.074800 ms MarkObjects: 2.062300 ms  DeleteObjects: 0.071400 ms)

========================================================================
Received Prepare
Registering precompiled user dll's ...
Registered in 0.000724 seconds.
Begin MonoManager ReloadAssembly
Native extension for WindowsStandalone target not found
Refreshing native plugins compatible for Editor in 0.24 ms, found 0 plugins.
Preloading 0 native plugins for Editor in 0.00 ms.
Invoked RoslynAnalysisRunner static constructor.
RoslynAnalysisRunner will not be running.
RoslynAnalysisRunner has terminated.
Mono: successfully reloaded assembly
- Completed reload, in  0.961 seconds
Platform modules already initialized, skipping
Refreshing native plugins compatible for Editor in 0.26 ms, found 0 plugins.
Preloading 0 native plugins for Editor in 0.00 ms.
Unloading 1114 Unused Serialized files (Serialized files now loaded: 0)
System memory in use before: 62.3 MB.
System memory in use after: 62.4 MB.

Unloading 5 unused Assets to reduce memory usage. Loaded Objects now: 1592.
Total: 2.247900 ms (FindLiveObjects: 0.216600 ms CreateObjectMapping: 0.094000 ms MarkObjects: 1.865500 ms  DeleteObjects: 0.070000 ms)

========================================================================
Received Prepare
Registering precompiled user dll's ...
Registered in 0.000749 seconds.
Begin MonoManager ReloadAssembly
Native extension for WindowsStandalone target not found
Refreshing native plugins compatible for Editor in 0.26 ms, found 0 plugins.
Preloading 0 native plugins for Editor in 0.00 ms.
Invoked RoslynAnalysisRunner static constructor.
RoslynAnalysisRunner will not be running.
RoslynAnalysisRunner has terminated.
Mono: successfully reloaded assembly
- Completed reload, in  0.969 seconds
Platform modules already initialized, skipping
Refreshing native plugins compatible for Editor in 0.24 ms, found 0 plugins.
Preloading 0 native plugins for Editor in 0.00 ms.
Unloading 1114 Unused Serialized files (Serialized files now loaded: 0)
System memory in use before: 62.4 MB.
System memory in use after: 62.5 MB.

Unloading 5 unused Assets to reduce memory usage. Loaded Objects now: 1594.
Total: 2.172500 ms (FindLiveObjects: 0.191300 ms CreateObjectMapping: 0.079000 ms MarkObjects: 1.834200 ms  DeleteObjects: 0.066900 ms)

========================================================================
Received Prepare
Registering precompiled user dll's ...
Registered in 0.000678 seconds.
Begin MonoManager ReloadAssembly
Native extension for WindowsStandalone target not found
Refreshing native plugins compatible for Editor in 0.29 ms, found 0 plugins.
Preloading 0 native plugins for Editor in 0.00 ms.
Invoked RoslynAnalysisRunner static constructor.
RoslynAnalysisRunner will not be running.
RoslynAnalysisRunner has terminated.
Mono: successfully reloaded assembly
- Completed reload, in  0.953 seconds
Platform modules already initialized, skipping
Refreshing native plugins compatible for Editor in 0.26 ms, found 0 plugins.
Preloading 0 native plugins for Editor in 0.00 ms.
Unloading 1114 Unused Serialized files (Serialized files now loaded: 0)
System memory in use before: 61.7 MB.
System memory in use after: 61.8 MB.

Unloading 5 unused Assets to reduce memory usage. Loaded Objects now: 1596.
Total: 2.298100 ms (FindLiveObjects: 0.366400 ms CreateObjectMapping: 0.098000 ms MarkObjects: 1.769700 ms  DeleteObjects: 0.062000 ms)

========================================================================
Received Prepare
Registering precompiled user dll's ...
Registered in 0.000701 seconds.
Begin MonoManager ReloadAssembly
Native extension for WindowsStandalone target not found
Refreshing native plugins compatible for Editor in 0.25 ms, found 0 plugins.
Preloading 0 native plugins for Editor in 0.00 ms.
Invoked RoslynAnalysisRunner static constructor.
RoslynAnalysisRunner will not be running.
RoslynAnalysisRunner has terminated.
Mono: successfully reloaded assembly
- Completed reload, in  0.955 seconds
Platform modules already initialized, skipping
Refreshing native plugins compatible for Editor in 0.24 ms, found 0 plugins.
Preloading 0 native plugins for Editor in 0.00 ms.
Unloading 1114 Unused Serialized files (Serialized files now loaded: 0)
System memory in use before: 61.9 MB.
System memory in use after: 61.9 MB.

Unloading 5 unused Assets to reduce memory usage. Loaded Objects now: 1598.
Total: 2.275300 ms (FindLiveObjects: 0.307500 ms CreateObjectMapping: 0.091100 ms MarkObjects: 1.785800 ms  DeleteObjects: 0.089500 ms)

========================================================================
Received Prepare
Registering precompiled user dll's ...
Registered in 0.000725 seconds.
Begin MonoManager ReloadAssembly
Native extension for WindowsStandalone target not found
Refreshing native plugins compatible for Editor in 0.25 ms, found 0 plugins.
Preloading 0 native plugins for Editor in 0.00 ms.
Invoked RoslynAnalysisRunner static constructor.
RoslynAnalysisRunner will not be running.
RoslynAnalysisRunner has terminated.
Mono: successfully reloaded assembly
- Completed reload, in  0.976 seconds
Platform modules already initialized, skipping
Refreshing native plugins compatible for Editor in 0.27 ms, found 0 plugins.
Preloading 0 native plugins for Editor in 0.00 ms.
Unloading 1114 Unused Serialized files (Serialized files now loaded: 0)
System memory in use before: 62.1 MB.
System memory in use after: 62.1 MB.

Unloading 5 unused Assets to reduce memory usage. Loaded Objects now: 1600.
Total: 2.241700 ms (FindLiveObjects: 0.188000 ms CreateObjectMapping: 0.083600 ms MarkObjects: 1.864300 ms  DeleteObjects: 0.095400 ms)

========================================================================
Received Prepare
Registering precompiled user dll's ...
Registered in 0.000738 seconds.
Begin MonoManager ReloadAssembly
Native extension for WindowsStandalone target not found
Refreshing native plugins compatible for Editor in 0.26 ms, found 0 plugins.
Preloading 0 native plugins for Editor in 0.00 ms.
Invoked RoslynAnalysisRunner static constructor.
RoslynAnalysisRunner will not be running.
RoslynAnalysisRunner has terminated.
Mono: successfully reloaded assembly
- Completed reload, in  1.000 seconds
Platform modules already initialized, skipping
Refreshing native plugins compatible for Editor in 0.25 ms, found 0 plugins.
Preloading 0 native plugins for Editor in 0.00 ms.
Unloading 1114 Unused Serialized files (Serialized files now loaded: 0)
System memory in use before: 62.3 MB.
System memory in use after: 62.3 MB.

Unloading 5 unused Assets to reduce memory usage. Loaded Objects now: 1602.
Total: 2.456400 ms (FindLiveObjects: 0.199900 ms CreateObjectMapping: 0.071700 ms MarkObjects: 2.094500 ms  DeleteObjects: 0.089300 ms)

========================================================================
Received Import Request.
  Time since last request: 550.608967 seconds.
  path: Assets/Objects/Player/Weapons/Test/Hitbox/Projectile.prefab
  artifactKey: Guid(b0dd931008cfc84429019a1c000f6d18) Importer(815301076,1909f56bfc062723c751e8b465ee728b)
Start importing Assets/Objects/Player/Weapons/Test/Hitbox/Projectile.prefab using Guid(b0dd931008cfc84429019a1c000f6d18) Importer(815301076,1909f56bfc062723c751e8b465ee728b)  -> (artifact id: 'be8aa12c1aab4da744e4d0032a1447a2') in 0.076959 seconds
  Import took 0.079605 seconds .

========================================================================
Received Prepare
Registering precompiled user dll's ...
Registered in 0.000735 seconds.
Begin MonoManager ReloadAssembly
Native extension for WindowsStandalone target not found
Refreshing native plugins compatible for Editor in 0.24 ms, found 0 plugins.
Preloading 0 native plugins for Editor in 0.00 ms.
Invoked RoslynAnalysisRunner static constructor.
RoslynAnalysisRunner will not be running.
RoslynAnalysisRunner has terminated.
Mono: successfully reloaded assembly
- Completed reload, in  1.013 seconds
Platform modules already initialized, skipping
Refreshing native plugins compatible for Editor in 0.26 ms, found 0 plugins.
Preloading 0 native plugins for Editor in 0.00 ms.
Unloading 1114 Unused Serialized files (Serialized files now loaded: 0)
System memory in use before: 62.4 MB.
System memory in use after: 62.5 MB.

Unloading 6 unused Assets to reduce memory usage. Loaded Objects now: 1605.
Total: 2.524500 ms (FindLiveObjects: 0.201500 ms CreateObjectMapping: 0.079600 ms MarkObjects: 2.159700 ms  DeleteObjects: 0.082500 ms)

========================================================================
Received Import Request.
  Time since last request: 38.980965 seconds.
  path: Assets/Objects/Enemies/Scripts/Enemy.cs
  artifactKey: Guid(7d8159b2c8210134e9230f51dac162d3) Importer(815301076,1909f56bfc062723c751e8b465ee728b)
Start importing Assets/Objects/Enemies/Scripts/Enemy.cs using Guid(7d8159b2c8210134e9230f51dac162d3) Importer(815301076,1909f56bfc062723c751e8b465ee728b)  -> (artifact id: '82390f01017beccd6c264b83c2945524') in 0.011021 seconds
  Import took 0.013496 seconds .

========================================================================
Received Import Request.
  Time since last request: 1.723056 seconds.
  path: Assets/Objects/Enemies/Scripts/Enemy.cs
  artifactKey: Guid(7d8159b2c8210134e9230f51dac162d3) Importer(815301076,1909f56bfc062723c751e8b465ee728b)
Start importing Assets/Objects/Enemies/Scripts/Enemy.cs using Guid(7d8159b2c8210134e9230f51dac162d3) Importer(815301076,1909f56bfc062723c751e8b465ee728b)  -> (artifact id: '82390f01017beccd6c264b83c2945524') in 0.003630 seconds
  Import took 0.006033 seconds .

========================================================================
Received Prepare
Registering precompiled user dll's ...
Registered in 0.000711 seconds.
Begin MonoManager ReloadAssembly
Native extension for WindowsStandalone target not found
Refreshing native plugins compatible for Editor in 0.26 ms, found 0 plugins.
Preloading 0 native plugins for Editor in 0.00 ms.
Invoked RoslynAnalysisRunner static constructor.
RoslynAnalysisRunner will not be running.
RoslynAnalysisRunner has terminated.
Mono: successfully reloaded assembly
- Completed reload, in  0.996 seconds
Platform modules already initialized, skipping
Refreshing native plugins compatible for Editor in 0.27 ms, found 0 plugins.
Preloading 0 native plugins for Editor in 0.00 ms.
Unloading 1114 Unused Serialized files (Serialized files now loaded: 0)
System memory in use before: 61.7 MB.
System memory in use after: 61.7 MB.

Unloading 5 unused Assets to reduce memory usage. Loaded Objects now: 1607.
Total: 2.334700 ms (FindLiveObjects: 0.253000 ms CreateObjectMapping: 0.094100 ms MarkObjects: 1.923300 ms  DeleteObjects: 0.062600 ms)

========================================================================
Received Import Request.
  Time since last request: 318.707203 seconds.
  path: Assets/Objects/Enemies/Scripts/Enemy.cs
  artifactKey: Guid(7d8159b2c8210134e9230f51dac162d3) Importer(815301076,1909f56bfc062723c751e8b465ee728b)
Start importing Assets/Objects/Enemies/Scripts/Enemy.cs using Guid(7d8159b2c8210134e9230f51dac162d3) Importer(815301076,1909f56bfc062723c751e8b465ee728b)  -> (artifact id: '9fdba1eaa5af6d577892b21b4ea2aa99') in 0.006139 seconds
  Import took 0.021708 seconds .

========================================================================
Received Import Request.
  Time since last request: 1.662917 seconds.
  path: Assets/Objects/Enemies/Scripts/Enemy.cs
  artifactKey: Guid(7d8159b2c8210134e9230f51dac162d3) Importer(815301076,1909f56bfc062723c751e8b465ee728b)
Start importing Assets/Objects/Enemies/Scripts/Enemy.cs using Guid(7d8159b2c8210134e9230f51dac162d3) Importer(815301076,1909f56bfc062723c751e8b465ee728b)  -> (artifact id: '9fdba1eaa5af6d577892b21b4ea2aa99') in 0.003755 seconds
  Import took 0.006153 seconds .

========================================================================
Received Prepare
Registering precompiled user dll's ...
Registered in 0.000723 seconds.
Begin MonoManager ReloadAssembly
Native extension for WindowsStandalone target not found
Refreshing native plugins compatible for Editor in 0.24 ms, found 0 plugins.
Preloading 0 native plugins for Editor in 0.00 ms.
Invoked RoslynAnalysisRunner static constructor.
RoslynAnalysisRunner will not be running.
RoslynAnalysisRunner has terminated.
Mono: successfully reloaded assembly
- Completed reload, in  0.973 seconds
Platform modules already initialized, skipping
Refreshing native plugins compatible for Editor in 0.25 ms, found 0 plugins.
Preloading 0 native plugins for Editor in 0.00 ms.
Unloading 1114 Unused Serialized files (Serialized files now loaded: 0)
System memory in use before: 61.8 MB.
System memory in use after: 61.9 MB.

Unloading 5 unused Assets to reduce memory usage. Loaded Objects now: 1609.
Total: 2.357400 ms (FindLiveObjects: 0.204300 ms CreateObjectMapping: 0.112000 ms MarkObjects: 1.953200 ms  DeleteObjects: 0.068700 ms)

========================================================================
Received Import Request.
  Time since last request: 53.451782 seconds.
  path: Assets/UI/Scripts/WaveAnnouncer.cs
  artifactKey: Guid(a1a8f43819209854da820c89c208abf7) Importer(815301076,1909f56bfc062723c751e8b465ee728b)
Start importing Assets/UI/Scripts/WaveAnnouncer.cs using Guid(a1a8f43819209854da820c89c208abf7) Importer(815301076,1909f56bfc062723c751e8b465ee728b)  -> (artifact id: 'a0f0af45a82290c225014fa54ee57e2b') in 0.025531 seconds
  Import took 0.028067 seconds .

========================================================================
Received Prepare
Registering precompiled user dll's ...
Registered in 0.000723 seconds.
Begin MonoManager ReloadAssembly
Native extension for WindowsStandalone target not found
Refreshing native plugins compatible for Editor in 0.26 ms, found 0 plugins.
Preloading 0 native plugins for Editor in 0.00 ms.
Invoked RoslynAnalysisRunner static constructor.
RoslynAnalysisRunner will not be running.
RoslynAnalysisRunner has terminated.
Mono: successfully reloaded assembly
- Completed reload, in  0.947 seconds
Platform modules already initialized, skipping
Refreshing native plugins compatible for Editor in 0.25 ms, found 0 plugins.
Preloading 0 native plugins for Editor in 0.00 ms.
Unloading 1114 Unused Serialized files (Serialized files now loaded: 0)
System memory in use before: 62.0 MB.
System memory in use after: 62.1 MB.

Unloading 5 unused Assets to reduce memory usage. Loaded Objects now: 1611.
Total: 2.171700 ms (FindLiveObjects: 0.188800 ms CreateObjectMapping: 0.083100 ms MarkObjects: 1.811300 ms  DeleteObjects: 0.087400 ms)

========================================================================
Received Import Request.
  Time since last request: 94.145591 seconds.
  path: Assets/UI/Scripts/WaveAnnouncer.cs
  artifactKey: Guid(a1a8f43819209854da820c89c208abf7) Importer(815301076,1909f56bfc062723c751e8b465ee728b)
Start importing Assets/UI/Scripts/WaveAnnouncer.cs using Guid(a1a8f43819209854da820c89c208abf7) Importer(815301076,1909f56bfc062723c751e8b465ee728b)  -> (artifact id: '5bb694d47289df476aff1af196f47782') in 0.005760 seconds
  Import took 0.019486 seconds .

========================================================================
Received Prepare
Registering precompiled user dll's ...
Registered in 0.000847 seconds.
Begin MonoManager ReloadAssembly
Native extension for WindowsStandalone target not found
Refreshing native plugins compatible for Editor in 0.24 ms, found 0 plugins.
Preloading 0 native plugins for Editor in 0.00 ms.
Invoked RoslynAnalysisRunner static constructor.
RoslynAnalysisRunner will not be running.
RoslynAnalysisRunner has terminated.
Mono: successfully reloaded assembly
- Completed reload, in  0.957 seconds
Platform modules already initialized, skipping
Refreshing native plugins compatible for Editor in 0.25 ms, found 0 plugins.
Preloading 0 native plugins for Editor in 0.00 ms.
Unloading 1114 Unused Serialized files (Serialized files now loaded: 0)
System memory in use before: 62.2 MB.
System memory in use after: 62.3 MB.

Unloading 5 unused Assets to reduce memory usage. Loaded Objects now: 1613.
Total: 2.263300 ms (FindLiveObjects: 0.171400 ms CreateObjectMapping: 0.076400 ms MarkObjects: 1.957100 ms  DeleteObjects: 0.057200 ms)

========================================================================
Received Prepare
Registering precompiled user dll's ...
Registered in 0.000695 seconds.
Begin MonoManager ReloadAssembly
Native extension for WindowsStandalone target not found
Refreshing native plugins compatible for Editor in 0.24 ms, found 0 plugins.
Preloading 0 native plugins for Editor in 0.00 ms.
Invoked RoslynAnalysisRunner static constructor.
RoslynAnalysisRunner will not be running.
RoslynAnalysisRunner has terminated.
Mono: successfully reloaded assembly
- Completed reload, in  0.966 seconds
Platform modules already initialized, skipping
Refreshing native plugins compatible for Editor in 0.31 ms, found 0 plugins.
Preloading 0 native plugins for Editor in 0.00 ms.
Unloading 1114 Unused Serialized files (Serialized files now loaded: 0)
System memory in use before: 62.4 MB.
System memory in use after: 62.5 MB.

Unloading 5 unused Assets to reduce memory usage. Loaded Objects now: 1615.
Total: 3.176500 ms (FindLiveObjects: 0.814600 ms CreateObjectMapping: 0.104500 ms MarkObjects: 2.188100 ms  DeleteObjects: 0.067700 ms)

========================================================================
Received Import Request.
  Time since last request: 23.232943 seconds.
  path: Assets/UI/Scripts/WaveAnnouncer.cs
  artifactKey: Guid(a1a8f43819209854da820c89c208abf7) Importer(815301076,1909f56bfc062723c751e8b465ee728b)
Start importing Assets/UI/Scripts/WaveAnnouncer.cs using Guid(a1a8f43819209854da820c89c208abf7) Importer(815301076,1909f56bfc062723c751e8b465ee728b)  -> (artifact id: '167d3523f21f8940a97323ca4543155e') in 0.006402 seconds
  Import took 0.022285 seconds .

========================================================================
Received Import Request.
  Time since last request: 1.531834 seconds.
  path: Assets/UI/Scripts/WaveAnnouncer.cs
  artifactKey: Guid(a1a8f43819209854da820c89c208abf7) Importer(815301076,1909f56bfc062723c751e8b465ee728b)
Start importing Assets/UI/Scripts/WaveAnnouncer.cs using Guid(a1a8f43819209854da820c89c208abf7) Importer(815301076,1909f56bfc062723c751e8b465ee728b)  -> (artifact id: '167d3523f21f8940a97323ca4543155e') in 0.003645 seconds
  Import took 0.006055 seconds .

========================================================================
Received Prepare
Registering precompiled user dll's ...
Registered in 0.000760 seconds.
Begin MonoManager ReloadAssembly
Native extension for WindowsStandalone target not found
Refreshing native plugins compatible for Editor in 0.25 ms, found 0 plugins.
Preloading 0 native plugins for Editor in 0.00 ms.
Invoked RoslynAnalysisRunner static constructor.
RoslynAnalysisRunner will not be running.
RoslynAnalysisRunner has terminated.
Mono: successfully reloaded assembly
- Completed reload, in  0.973 seconds
Platform modules already initialized, skipping
Refreshing native plugins compatible for Editor in 0.24 ms, found 0 plugins.
Preloading 0 native plugins for Editor in 0.00 ms.
Unloading 1114 Unused Serialized files (Serialized files now loaded: 0)
System memory in use before: 62.4 MB.
System memory in use after: 62.5 MB.

Unloading 5 unused Assets to reduce memory usage. Loaded Objects now: 1617.
Total: 2.669000 ms (FindLiveObjects: 0.193900 ms CreateObjectMapping: 0.087200 ms MarkObjects: 2.320700 ms  DeleteObjects: 0.065600 ms)

========================================================================
Received Import Request.
  Time since last request: 18.153385 seconds.
  path: Assets/UI/Scripts/WaveAnnouncer.cs
  artifactKey: Guid(a1a8f43819209854da820c89c208abf7) Importer(815301076,1909f56bfc062723c751e8b465ee728b)
Start importing Assets/UI/Scripts/WaveAnnouncer.cs using Guid(a1a8f43819209854da820c89c208abf7) Importer(815301076,1909f56bfc062723c751e8b465ee728b)  -> (artifact id: '0165fd8e482665bd444d071451051209') in 0.006852 seconds
  Import took 0.009514 seconds .

========================================================================
Received Import Request.
  Time since last request: 1.597366 seconds.
  path: Assets/UI/Scripts/WaveAnnouncer.cs
  artifactKey: Guid(a1a8f43819209854da820c89c208abf7) Importer(815301076,1909f56bfc062723c751e8b465ee728b)
Start importing Assets/UI/Scripts/WaveAnnouncer.cs using Guid(a1a8f43819209854da820c89c208abf7) Importer(815301076,1909f56bfc062723c751e8b465ee728b)  -> (artifact id: '0165fd8e482665bd444d071451051209') in 0.006109 seconds
  Import took 0.008343 seconds .

========================================================================
Received Prepare
Registering precompiled user dll's ...
Registered in 0.000713 seconds.
Begin MonoManager ReloadAssembly
Native extension for WindowsStandalone target not found
Refreshing native plugins compatible for Editor in 0.27 ms, found 0 plugins.
Preloading 0 native plugins for Editor in 0.00 ms.
Invoked RoslynAnalysisRunner static constructor.
RoslynAnalysisRunner will not be running.
RoslynAnalysisRunner has terminated.
Mono: successfully reloaded assembly
- Completed reload, in  0.907 seconds
Platform modules already initialized, skipping
Refreshing native plugins compatible for Editor in 0.26 ms, found 0 plugins.
Preloading 0 native plugins for Editor in 0.00 ms.
Unloading 1114 Unused Serialized files (Serialized files now loaded: 0)
System memory in use before: 61.8 MB.
System memory in use after: 61.9 MB.

Unloading 5 unused Assets to reduce memory usage. Loaded Objects now: 1619.
Total: 2.471500 ms (FindLiveObjects: 0.212900 ms CreateObjectMapping: 0.089100 ms MarkObjects: 2.074100 ms  DeleteObjects: 0.093700 ms)

========================================================================
Received Prepare
Registering precompiled user dll's ...
Registered in 0.000813 seconds.
Begin MonoManager ReloadAssembly
Native extension for WindowsStandalone target not found
Refreshing native plugins compatible for Editor in 0.26 ms, found 0 plugins.
Preloading 0 native plugins for Editor in 0.00 ms.
Invoked RoslynAnalysisRunner static constructor.
RoslynAnalysisRunner will not be running.
RoslynAnalysisRunner has terminated.
Mono: successfully reloaded assembly
- Completed reload, in  0.956 seconds
Platform modules already initialized, skipping
Refreshing native plugins compatible for Editor in 0.26 ms, found 0 plugins.
Preloading 0 native plugins for Editor in 0.00 ms.
Unloading 1114 Unused Serialized files (Serialized files now loaded: 0)
System memory in use before: 62.0 MB.
System memory in use after: 62.1 MB.

Unloading 5 unused Assets to reduce memory usage. Loaded Objects now: 1621.
Total: 2.263700 ms (FindLiveObjects: 0.195600 ms CreateObjectMapping: 0.181500 ms MarkObjects: 1.825000 ms  DeleteObjects: 0.060500 ms)

========================================================================
Received Prepare
Registering precompiled user dll's ...
Registered in 0.001413 seconds.
Begin MonoManager ReloadAssembly
Native extension for WindowsStandalone target not found
Refreshing native plugins compatible for Editor in 0.46 ms, found 0 plugins.
Preloading 0 native plugins for Editor in 0.00 ms.
Invoked RoslynAnalysisRunner static constructor.
RoslynAnalysisRunner will not be running.
RoslynAnalysisRunner has terminated.
Mono: successfully reloaded assembly
- Completed reload, in  1.338 seconds
Platform modules already initialized, skipping
Refreshing native plugins compatible for Editor in 0.40 ms, found 0 plugins.
Preloading 0 native plugins for Editor in 0.00 ms.
Unloading 1114 Unused Serialized files (Serialized files now loaded: 0)
System memory in use before: 62.2 MB.
System memory in use after: 62.3 MB.

Unloading 5 unused Assets to reduce memory usage. Loaded Objects now: 1623.
Total: 2.984900 ms (FindLiveObjects: 0.350600 ms CreateObjectMapping: 0.168900 ms MarkObjects: 2.399300 ms  DeleteObjects: 0.064600 ms)

========================================================================
Received Prepare
Registering precompiled user dll's ...
Registered in 0.000720 seconds.
Begin MonoManager ReloadAssembly
Native extension for WindowsStandalone target not found
Refreshing native plugins compatible for Editor in 0.24 ms, found 0 plugins.
Preloading 0 native plugins for Editor in 0.00 ms.
Invoked RoslynAnalysisRunner static constructor.
RoslynAnalysisRunner will not be running.
RoslynAnalysisRunner has terminated.
Mono: successfully reloaded assembly
- Completed reload, in  0.992 seconds
Platform modules already initialized, skipping
Refreshing native plugins compatible for Editor in 0.30 ms, found 0 plugins.
Preloading 0 native plugins for Editor in 0.00 ms.
Unloading 1114 Unused Serialized files (Serialized files now loaded: 0)
System memory in use before: 62.4 MB.
System memory in use after: 62.5 MB.

Unloading 5 unused Assets to reduce memory usage. Loaded Objects now: 1625.
Total: 2.539200 ms (FindLiveObjects: 0.318700 ms CreateObjectMapping: 0.084500 ms MarkObjects: 2.045000 ms  DeleteObjects: 0.089300 ms)

========================================================================
Received Prepare
Registering precompiled user dll's ...
Registered in 0.000711 seconds.
Begin MonoManager ReloadAssembly
Native extension for WindowsStandalone target not found
Refreshing native plugins compatible for Editor in 0.33 ms, found 0 plugins.
Preloading 0 native plugins for Editor in 0.00 ms.
Invoked RoslynAnalysisRunner static constructor.
RoslynAnalysisRunner will not be running.
RoslynAnalysisRunner has terminated.
Mono: successfully reloaded assembly
- Completed reload, in  1.021 seconds
Platform modules already initialized, skipping
Refreshing native plugins compatible for Editor in 0.25 ms, found 0 plugins.
Preloading 0 native plugins for Editor in 0.00 ms.
Unloading 1114 Unused Serialized files (Serialized files now loaded: 0)
System memory in use before: 62.5 MB.
System memory in use after: 62.5 MB.

Unloading 5 unused Assets to reduce memory usage. Loaded Objects now: 1627.
Total: 2.236300 ms (FindLiveObjects: 0.184100 ms CreateObjectMapping: 0.092300 ms MarkObjects: 1.876200 ms  DeleteObjects: 0.082400 ms)

========================================================================
Received Prepare
Registering precompiled user dll's ...
Registered in 0.000762 seconds.
Begin MonoManager ReloadAssembly
Native extension for WindowsStandalone target not found
Refreshing native plugins compatible for Editor in 0.24 ms, found 0 plugins.
Preloading 0 native plugins for Editor in 0.00 ms.
Invoked RoslynAnalysisRunner static constructor.
RoslynAnalysisRunner will not be running.
RoslynAnalysisRunner has terminated.
Mono: successfully reloaded assembly
- Completed reload, in  0.979 seconds
Platform modules already initialized, skipping
Refreshing native plugins compatible for Editor in 0.25 ms, found 0 plugins.
Preloading 0 native plugins for Editor in 0.00 ms.
Unloading 1114 Unused Serialized files (Serialized files now loaded: 0)
System memory in use before: 61.8 MB.
System memory in use after: 61.9 MB.

Unloading 5 unused Assets to reduce memory usage. Loaded Objects now: 1629.
Total: 2.205600 ms (FindLiveObjects: 0.256000 ms CreateObjectMapping: 0.071500 ms MarkObjects: 1.787100 ms  DeleteObjects: 0.090100 ms)

========================================================================
Received Prepare
Registering precompiled user dll's ...
Registered in 0.000717 seconds.
Begin MonoManager ReloadAssembly
Native extension for WindowsStandalone target not found
Refreshing native plugins compatible for Editor in 0.27 ms, found 0 plugins.
Preloading 0 native plugins for Editor in 0.00 ms.
Invoked RoslynAnalysisRunner static constructor.
RoslynAnalysisRunner will not be running.
RoslynAnalysisRunner has terminated.
Mono: successfully reloaded assembly
- Completed reload, in  1.258 seconds
Platform modules already initialized, skipping
Refreshing native plugins compatible for Editor in 0.26 ms, found 0 plugins.
Preloading 0 native plugins for Editor in 0.00 ms.
Unloading 1114 Unused Serialized files (Serialized files now loaded: 0)
System memory in use before: 62.0 MB.
System memory in use after: 62.1 MB.

Unloading 5 unused Assets to reduce memory usage. Loaded Objects now: 1631.
Total: 11.217900 ms (FindLiveObjects: 0.227000 ms CreateObjectMapping: 0.856100 ms MarkObjects: 9.872600 ms  DeleteObjects: 0.259800 ms)

========================================================================
Received Import Request.
  Time since last request: 341.171068 seconds.
  path: Assets/Objects/Enemies/Prefabs/RangedEnemy.prefab
  artifactKey: Guid(7bb84d71974d43447aa52c2d29643c18) Importer(815301076,1909f56bfc062723c751e8b465ee728b)
Start importing Assets/Objects/Enemies/Prefabs/RangedEnemy.prefab using Guid(7bb84d71974d43447aa52c2d29643c18) Importer(815301076,1909f56bfc062723c751e8b465ee728b)  -> (artifact id: '6a7a522ccf9f8063cc9d4ef723fd319c') in 0.156347 seconds
  Import took 0.166020 seconds .

========================================================================
Received Import Request.
  Time since last request: 45.115737 seconds.
  path: Assets/Objects/Enemies/Scripts/MeleeEnemy.cs
  artifactKey: Guid(594b1dd8fb2708742ba93230e3ec9176) Importer(815301076,1909f56bfc062723c751e8b465ee728b)
Start importing Assets/Objects/Enemies/Scripts/MeleeEnemy.cs using Guid(594b1dd8fb2708742ba93230e3ec9176) Importer(815301076,1909f56bfc062723c751e8b465ee728b)  -> (artifact id: '04e9ab13db415c491470104ca2a88504') in 0.024060 seconds
  Import took 0.026597 seconds .

========================================================================
Received Import Request.
  Time since last request: 12.937748 seconds.
  path: Assets/Objects/Enemies/Prefabs/RangedEnemy.prefab
  artifactKey: Guid(7bb84d71974d43447aa52c2d29643c18) Importer(815301076,1909f56bfc062723c751e8b465ee728b)
Start importing Assets/Objects/Enemies/Prefabs/RangedEnemy.prefab using Guid(7bb84d71974d43447aa52c2d29643c18) Importer(815301076,1909f56bfc062723c751e8b465ee728b)  -> (artifact id: 'dd81baac36291252f49d83214e6ea4de') in 0.020223 seconds
  Import took 0.031389 seconds .

========================================================================
Received Import Request.
  Time since last request: 0.001330 seconds.
  path: Assets/Objects/Enemies/Prefabs/RangedEnemy.prefab
  artifactKey: Guid(7bb84d71974d43447aa52c2d29643c18) Importer(815301076,1909f56bfc062723c751e8b465ee728b)
Start importing Assets/Objects/Enemies/Prefabs/RangedEnemy.prefab using Guid(7bb84d71974d43447aa52c2d29643c18) Importer(815301076,1909f56bfc062723c751e8b465ee728b)  -> (artifact id: 'dd81baac36291252f49d83214e6ea4de') in 0.021131 seconds
  Import took 0.024005 seconds .

========================================================================
Received Prepare
Registering precompiled user dll's ...
Registered in 0.000760 seconds.
Begin MonoManager ReloadAssembly
Native extension for WindowsStandalone target not found
Refreshing native plugins compatible for Editor in 0.30 ms, found 0 plugins.
Preloading 0 native plugins for Editor in 0.00 ms.
Invoked RoslynAnalysisRunner static constructor.
RoslynAnalysisRunner will not be running.
RoslynAnalysisRunner has terminated.
Mono: successfully reloaded assembly
- Completed reload, in  0.970 seconds
Platform modules already initialized, skipping
Refreshing native plugins compatible for Editor in 0.24 ms, found 0 plugins.
Preloading 0 native plugins for Editor in 0.00 ms.
Unloading 1114 Unused Serialized files (Serialized files now loaded: 0)
System memory in use before: 62.2 MB.
System memory in use after: 62.3 MB.

Unloading 5 unused Assets to reduce memory usage. Loaded Objects now: 1634.
Total: 2.515100 ms (FindLiveObjects: 0.218200 ms CreateObjectMapping: 0.099800 ms MarkObjects: 2.124400 ms  DeleteObjects: 0.071300 ms)

========================================================================
Received Import Request.
  Time since last request: 22.040944 seconds.
  path: Assets/Objects/Ground/Ground.prefab
  artifactKey: Guid(d0e36c0bbdc85114da6a62c345248231) Importer(815301076,1909f56bfc062723c751e8b465ee728b)
Start importing Assets/Objects/Ground/Ground.prefab using Guid(d0e36c0bbdc85114da6a62c345248231) Importer(815301076,1909f56bfc062723c751e8b465ee728b)  -> (artifact id: 'd601ea8246be86eefc4ef0e465e3e1d7') in 0.088493 seconds
  Import took 0.092016 seconds .

========================================================================
Received Import Request.
  Time since last request: 7.900337 seconds.
  path: Assets/Objects/Ground/Ground.prefab
  artifactKey: Guid(d0e36c0bbdc85114da6a62c345248231) Importer(815301076,1909f56bfc062723c751e8b465ee728b)
Start importing Assets/Objects/Ground/Ground.prefab using Guid(d0e36c0bbdc85114da6a62c345248231) Importer(815301076,1909f56bfc062723c751e8b465ee728b)  -> (artifact id: 'eca281f9c689f5e7c6294c64f9cfbc93') in 0.017577 seconds
  Import took 0.023782 seconds .

========================================================================
Received Prepare
Registering precompiled user dll's ...
Registered in 0.000943 seconds.
Begin MonoManager ReloadAssembly
Native extension for WindowsStandalone target not found
Refreshing native plugins compatible for Editor in 0.24 ms, found 0 plugins.
Preloading 0 native plugins for Editor in 0.00 ms.
Invoked RoslynAnalysisRunner static constructor.
RoslynAnalysisRunner will not be running.
RoslynAnalysisRunner has terminated.
Mono: successfully reloaded assembly
- Completed reload, in  0.975 seconds
Platform modules already initialized, skipping
Refreshing native plugins compatible for Editor in 0.24 ms, found 0 plugins.
Preloading 0 native plugins for Editor in 0.00 ms.
Unloading 1114 Unused Serialized files (Serialized files now loaded: 0)
System memory in use before: 62.4 MB.
System memory in use after: 62.5 MB.

Unloading 6 unused Assets to reduce memory usage. Loaded Objects now: 1638.
Total: 2.167100 ms (FindLiveObjects: 0.196700 ms CreateObjectMapping: 0.069500 ms MarkObjects: 1.803600 ms  DeleteObjects: 0.096400 ms)

========================================================================
Received Import Request.
  Time since last request: 23.654355 seconds.
  path: Assets/Objects/Enemies/Scripts/Enemy.cs
  artifactKey: Guid(7d8159b2c8210134e9230f51dac162d3) Importer(815301076,1909f56bfc062723c751e8b465ee728b)
Start importing Assets/Objects/Enemies/Scripts/Enemy.cs using Guid(7d8159b2c8210134e9230f51dac162d3) Importer(815301076,1909f56bfc062723c751e8b465ee728b)  -> (artifact id: '95a581dffc9d77bfebe3d4283e6d4921') in 0.014033 seconds
  Import took 0.016480 seconds .

========================================================================
Received Import Request.
  Time since last request: 0.027798 seconds.
  path: Assets/Objects/Enemies/Scripts/Enemy.cs
  artifactKey: Guid(7d8159b2c8210134e9230f51dac162d3) Importer(815301076,1909f56bfc062723c751e8b465ee728b)
Start importing Assets/Objects/Enemies/Scripts/Enemy.cs using Guid(7d8159b2c8210134e9230f51dac162d3) Importer(815301076,1909f56bfc062723c751e8b465ee728b)  -> (artifact id: '95a581dffc9d77bfebe3d4283e6d4921') in 0.009563 seconds
  Import took 0.016396 seconds .

========================================================================
Received Prepare
Registering precompiled user dll's ...
Registered in 0.000701 seconds.
Begin MonoManager ReloadAssembly
Native extension for WindowsStandalone target not found
Refreshing native plugins compatible for Editor in 0.25 ms, found 0 plugins.
Preloading 0 native plugins for Editor in 0.00 ms.
Invoked RoslynAnalysisRunner static constructor.
RoslynAnalysisRunner will not be running.
RoslynAnalysisRunner has terminated.
Mono: successfully reloaded assembly
- Completed reload, in  0.995 seconds
Platform modules already initialized, skipping
Refreshing native plugins compatible for Editor in 0.29 ms, found 0 plugins.
Preloading 0 native plugins for Editor in 0.00 ms.
Unloading 1114 Unused Serialized files (Serialized files now loaded: 0)
System memory in use before: 62.5 MB.
System memory in use after: 62.6 MB.

Unloading 5 unused Assets to reduce memory usage. Loaded Objects now: 1640.
Total: 2.375900 ms (FindLiveObjects: 0.214700 ms CreateObjectMapping: 0.101300 ms MarkObjects: 1.971800 ms  DeleteObjects: 0.086800 ms)

========================================================================
Received Prepare
Registering precompiled user dll's ...
Registered in 0.000803 seconds.
Begin MonoManager ReloadAssembly
Native extension for WindowsStandalone target not found
Refreshing native plugins compatible for Editor in 0.24 ms, found 0 plugins.
Preloading 0 native plugins for Editor in 0.00 ms.
Invoked RoslynAnalysisRunner static constructor.
RoslynAnalysisRunner will not be running.
RoslynAnalysisRunner has terminated.
Mono: successfully reloaded assembly
- Completed reload, in  0.961 seconds
Platform modules already initialized, skipping
Refreshing native plugins compatible for Editor in 0.25 ms, found 0 plugins.
Preloading 0 native plugins for Editor in 0.00 ms.
Unloading 1114 Unused Serialized files (Serialized files now loaded: 0)
System memory in use before: 61.8 MB.
System memory in use after: 61.8 MB.

Unloading 5 unused Assets to reduce memory usage. Loaded Objects now: 1642.
Total: 2.193900 ms (FindLiveObjects: 0.189900 ms CreateObjectMapping: 0.079500 ms MarkObjects: 1.862500 ms  DeleteObjects: 0.060400 ms)

========================================================================
Received Prepare
Registering precompiled user dll's ...
Registered in 0.000731 seconds.
Begin MonoManager ReloadAssembly
Native extension for WindowsStandalone target not found
Refreshing native plugins compatible for Editor in 0.31 ms, found 0 plugins.
Preloading 0 native plugins for Editor in 0.00 ms.
Invoked RoslynAnalysisRunner static constructor.
RoslynAnalysisRunner will not be running.
RoslynAnalysisRunner has terminated.
Mono: successfully reloaded assembly
- Completed reload, in  0.952 seconds
Platform modules already initialized, skipping
Refreshing native plugins compatible for Editor in 0.27 ms, found 0 plugins.
Preloading 0 native plugins for Editor in 0.00 ms.
Unloading 1114 Unused Serialized files (Serialized files now loaded: 0)
System memory in use before: 62.0 MB.
System memory in use after: 62.0 MB.

Unloading 5 unused Assets to reduce memory usage. Loaded Objects now: 1644.
Total: 2.255600 ms (FindLiveObjects: 0.198900 ms CreateObjectMapping: 0.089100 ms MarkObjects: 1.906400 ms  DeleteObjects: 0.060200 ms)

========================================================================
Received Import Request.
  Time since last request: 151.502880 seconds.
  path: Assets/Objects/Enemies/Scripts/Enemy.cs
  artifactKey: Guid(7d8159b2c8210134e9230f51dac162d3) Importer(815301076,1909f56bfc062723c751e8b465ee728b)
Start importing Assets/Objects/Enemies/Scripts/Enemy.cs using Guid(7d8159b2c8210134e9230f51dac162d3) Importer(815301076,1909f56bfc062723c751e8b465ee728b)  -> (artifact id: '945d5b3e65e02f8172384bce6c820094') in 0.006025 seconds
  Import took 0.008756 seconds .

========================================================================
Received Import Request.
  Time since last request: 1.441607 seconds.
  path: Assets/Objects/Enemies/Scripts/Enemy.cs
  artifactKey: Guid(7d8159b2c8210134e9230f51dac162d3) Importer(815301076,1909f56bfc062723c751e8b465ee728b)
Start importing Assets/Objects/Enemies/Scripts/Enemy.cs using Guid(7d8159b2c8210134e9230f51dac162d3) Importer(815301076,1909f56bfc062723c751e8b465ee728b)  -> (artifact id: '945d5b3e65e02f8172384bce6c820094') in 0.003916 seconds
  Import took 0.006340 seconds .

========================================================================
Received Prepare
Registering precompiled user dll's ...
Registered in 0.000701 seconds.
Begin MonoManager ReloadAssembly
Native extension for WindowsStandalone target not found
Refreshing native plugins compatible for Editor in 0.24 ms, found 0 plugins.
Preloading 0 native plugins for Editor in 0.00 ms.
Invoked RoslynAnalysisRunner static constructor.
RoslynAnalysisRunner will not be running.
RoslynAnalysisRunner has terminated.
Mono: successfully reloaded assembly
- Completed reload, in  0.990 seconds
Platform modules already initialized, skipping
Refreshing native plugins compatible for Editor in 0.25 ms, found 0 plugins.
Preloading 0 native plugins for Editor in 0.00 ms.
Unloading 1114 Unused Serialized files (Serialized files now loaded: 0)
System memory in use before: 62.2 MB.
System memory in use after: 62.2 MB.

Unloading 5 unused Assets to reduce memory usage. Loaded Objects now: 1646.
Total: 2.301000 ms (FindLiveObjects: 0.173100 ms CreateObjectMapping: 0.073400 ms MarkObjects: 1.958700 ms  DeleteObjects: 0.094700 ms)

========================================================================
Received Prepare
Registering precompiled user dll's ...
Registered in 0.000796 seconds.
Begin MonoManager ReloadAssembly
Native extension for WindowsStandalone target not found
Refreshing native plugins compatible for Editor in 0.25 ms, found 0 plugins.
Preloading 0 native plugins for Editor in 0.00 ms.
Invoked RoslynAnalysisRunner static constructor.
RoslynAnalysisRunner will not be running.
RoslynAnalysisRunner has terminated.
Mono: successfully reloaded assembly
- Completed reload, in  1.055 seconds
Platform modules already initialized, skipping
Refreshing native plugins compatible for Editor in 0.25 ms, found 0 plugins.
Preloading 0 native plugins for Editor in 0.00 ms.
Unloading 1114 Unused Serialized files (Serialized files now loaded: 0)
System memory in use before: 62.4 MB.
System memory in use after: 62.4 MB.

Unloading 5 unused Assets to reduce memory usage. Loaded Objects now: 1648.
Total: 2.169400 ms (FindLiveObjects: 0.206300 ms CreateObjectMapping: 0.089700 ms MarkObjects: 1.781600 ms  DeleteObjects: 0.090500 ms)

========================================================================
Received Prepare
Registering precompiled user dll's ...
Registered in 0.000881 seconds.
Begin MonoManager ReloadAssembly
Native extension for WindowsStandalone target not found
Refreshing native plugins compatible for Editor in 0.25 ms, found 0 plugins.
Preloading 0 native plugins for Editor in 0.00 ms.
Invoked RoslynAnalysisRunner static constructor.
RoslynAnalysisRunner will not be running.
RoslynAnalysisRunner has terminated.
Mono: successfully reloaded assembly
- Completed reload, in  1.087 seconds
Platform modules already initialized, skipping
Refreshing native plugins compatible for Editor in 0.24 ms, found 0 plugins.
Preloading 0 native plugins for Editor in 0.00 ms.
Unloading 1114 Unused Serialized files (Serialized files now loaded: 0)
System memory in use before: 62.5 MB.
System memory in use after: 62.6 MB.

Unloading 5 unused Assets to reduce memory usage. Loaded Objects now: 1650.
Total: 2.704600 ms (FindLiveObjects: 0.223500 ms CreateObjectMapping: 0.098300 ms MarkObjects: 2.298900 ms  DeleteObjects: 0.082100 ms)

========================================================================
Received Import Request.
  Time since last request: 5894.137170 seconds.
  path: Assets/Objects/Enemies/Scripts/Enemy.cs
  artifactKey: Guid(7d8159b2c8210134e9230f51dac162d3) Importer(815301076,1909f56bfc062723c751e8b465ee728b)
Start importing Assets/Objects/Enemies/Scripts/Enemy.cs using Guid(7d8159b2c8210134e9230f51dac162d3) Importer(815301076,1909f56bfc062723c751e8b465ee728b)  -> (artifact id: '6fa049fb17c82864531d38e7f5b1baa3') in 0.007463 seconds
  Import took 0.011063 seconds .

========================================================================
Received Prepare
Registering precompiled user dll's ...
Registered in 0.000709 seconds.
Begin MonoManager ReloadAssembly
Native extension for WindowsStandalone target not found
Refreshing native plugins compatible for Editor in 0.26 ms, found 0 plugins.
Preloading 0 native plugins for Editor in 0.00 ms.
Invoked RoslynAnalysisRunner static constructor.
RoslynAnalysisRunner will not be running.
RoslynAnalysisRunner has terminated.
Mono: successfully reloaded assembly
- Completed reload, in  0.958 seconds
Platform modules already initialized, skipping
Refreshing native plugins compatible for Editor in 0.24 ms, found 0 plugins.
Preloading 0 native plugins for Editor in 0.00 ms.
Unloading 1114 Unused Serialized files (Serialized files now loaded: 0)
System memory in use before: 61.7 MB.
System memory in use after: 61.8 MB.

Unloading 5 unused Assets to reduce memory usage. Loaded Objects now: 1652.
Total: 2.409800 ms (FindLiveObjects: 0.190700 ms CreateObjectMapping: 0.074600 ms MarkObjects: 2.053700 ms  DeleteObjects: 0.089800 ms)

========================================================================
Received Import Request.
  Time since last request: 40.848955 seconds.
  path: Assets/Objects/Enemies/Prefabs/RangedEnemy.prefab
  artifactKey: Guid(7bb84d71974d43447aa52c2d29643c18) Importer(815301076,1909f56bfc062723c751e8b465ee728b)
Start importing Assets/Objects/Enemies/Prefabs/RangedEnemy.prefab using Guid(7bb84d71974d43447aa52c2d29643c18) Importer(815301076,1909f56bfc062723c751e8b465ee728b)  -> (artifact id: 'c8974fae14db36b169df0ac645b576d9') in 0.094480 seconds
  Import took 0.097671 seconds .

========================================================================
Received Import Request.
  Time since last request: 5.087598 seconds.
  path: Assets/Objects/Enemies/Prefabs/RangedEnemy.prefab
  artifactKey: Guid(7bb84d71974d43447aa52c2d29643c18) Importer(815301076,1909f56bfc062723c751e8b465ee728b)
Start importing Assets/Objects/Enemies/Prefabs/RangedEnemy.prefab using Guid(7bb84d71974d43447aa52c2d29643c18) Importer(815301076,1909f56bfc062723c751e8b465ee728b)  -> (artifact id: '069506d02ca69fa25ccd579cb100491d') in 0.037761 seconds
  Import took 0.044017 seconds .

========================================================================
Received Prepare
Registering precompiled user dll's ...
Registered in 0.000705 seconds.
Begin MonoManager ReloadAssembly
Native extension for WindowsStandalone target not found
Refreshing native plugins compatible for Editor in 0.25 ms, found 0 plugins.
Preloading 0 native plugins for Editor in 0.00 ms.
Invoked RoslynAnalysisRunner static constructor.
RoslynAnalysisRunner will not be running.
RoslynAnalysisRunner has terminated.
Mono: successfully reloaded assembly
- Completed reload, in  0.969 seconds
Platform modules already initialized, skipping
Refreshing native plugins compatible for Editor in 0.24 ms, found 0 plugins.
Preloading 0 native plugins for Editor in 0.00 ms.
Unloading 1114 Unused Serialized files (Serialized files now loaded: 0)
System memory in use before: 61.9 MB.
System memory in use after: 62.0 MB.

Unloading 5 unused Assets to reduce memory usage. Loaded Objects now: 1655.
Total: 2.196200 ms (FindLiveObjects: 0.224600 ms CreateObjectMapping: 0.093500 ms MarkObjects: 1.809900 ms  DeleteObjects: 0.066500 ms)

========================================================================
Received Import Request.
  Time since last request: 17.847432 seconds.
  path: Assets/Objects/Enemies/Prefabs/RangedEnemy.prefab
  artifactKey: Guid(7bb84d71974d43447aa52c2d29643c18) Importer(815301076,1909f56bfc062723c751e8b465ee728b)
Start importing Assets/Objects/Enemies/Prefabs/RangedEnemy.prefab using Guid(7bb84d71974d43447aa52c2d29643c18) Importer(815301076,1909f56bfc062723c751e8b465ee728b)  -> (artifact id: '6d51d8e83b290df5db7b8650f60fdf35') in 0.066572 seconds
  Import took 0.069418 seconds .

========================================================================
Received Import Request.
  Time since last request: 2.570594 seconds.
  path: Assets/Objects/Enemies/Prefabs/RangedEnemy.prefab
  artifactKey: Guid(7bb84d71974d43447aa52c2d29643c18) Importer(815301076,1909f56bfc062723c751e8b465ee728b)
Start importing Assets/Objects/Enemies/Prefabs/RangedEnemy.prefab using Guid(7bb84d71974d43447aa52c2d29643c18) Importer(815301076,1909f56bfc062723c751e8b465ee728b)  -> (artifact id: '5b075cd98ea5d0ab1b58c781ba4be688') in 0.028556 seconds
  Import took 0.032557 seconds .

========================================================================
Received Prepare
Registering precompiled user dll's ...
Registered in 0.000737 seconds.
Begin MonoManager ReloadAssembly
Native extension for WindowsStandalone target not found
Refreshing native plugins compatible for Editor in 0.29 ms, found 0 plugins.
Preloading 0 native plugins for Editor in 0.00 ms.
Invoked RoslynAnalysisRunner static constructor.
RoslynAnalysisRunner will not be running.
RoslynAnalysisRunner has terminated.
Mono: successfully reloaded assembly
- Completed reload, in  1.046 seconds
Platform modules already initialized, skipping
Refreshing native plugins compatible for Editor in 0.24 ms, found 0 plugins.
Preloading 0 native plugins for Editor in 0.00 ms.
Unloading 1114 Unused Serialized files (Serialized files now loaded: 0)
System memory in use before: 62.1 MB.
System memory in use after: 62.2 MB.

Unloading 5 unused Assets to reduce memory usage. Loaded Objects now: 1658.
Total: 2.095800 ms (FindLiveObjects: 0.183800 ms CreateObjectMapping: 0.086200 ms MarkObjects: 1.731800 ms  DeleteObjects: 0.093000 ms)

========================================================================
Received Prepare
Registering precompiled user dll's ...
Registered in 0.000903 seconds.
Begin MonoManager ReloadAssembly
Native extension for WindowsStandalone target not found
Refreshing native plugins compatible for Editor in 0.25 ms, found 0 plugins.
Preloading 0 native plugins for Editor in 0.00 ms.
Invoked RoslynAnalysisRunner static constructor.
RoslynAnalysisRunner will not be running.
RoslynAnalysisRunner has terminated.
Mono: successfully reloaded assembly
- Completed reload, in  1.023 seconds
Platform modules already initialized, skipping
Refreshing native plugins compatible for Editor in 0.26 ms, found 0 plugins.
Preloading 0 native plugins for Editor in 0.00 ms.
Unloading 1114 Unused Serialized files (Serialized files now loaded: 0)
System memory in use before: 62.3 MB.
System memory in use after: 62.4 MB.

Unloading 5 unused Assets to reduce memory usage. Loaded Objects now: 1660.
Total: 2.337500 ms (FindLiveObjects: 0.238700 ms CreateObjectMapping: 0.111600 ms MarkObjects: 1.912100 ms  DeleteObjects: 0.074000 ms)

========================================================================
Received Prepare
Registering precompiled user dll's ...
Registered in 0.000745 seconds.
Begin MonoManager ReloadAssembly
Native extension for WindowsStandalone target not found
Refreshing native plugins compatible for Editor in 0.34 ms, found 0 plugins.
Preloading 0 native plugins for Editor in 0.00 ms.
Invoked RoslynAnalysisRunner static constructor.
RoslynAnalysisRunner will not be running.
RoslynAnalysisRunner has terminated.
Mono: successfully reloaded assembly
- Completed reload, in  0.973 seconds
Platform modules already initialized, skipping
Refreshing native plugins compatible for Editor in 0.25 ms, found 0 plugins.
Preloading 0 native plugins for Editor in 0.00 ms.
Unloading 1114 Unused Serialized files (Serialized files now loaded: 0)
System memory in use before: 62.5 MB.
System memory in use after: 62.6 MB.

Unloading 5 unused Assets to reduce memory usage. Loaded Objects now: 1662.
Total: 2.132700 ms (FindLiveObjects: 0.215000 ms CreateObjectMapping: 0.080800 ms MarkObjects: 1.765700 ms  DeleteObjects: 0.069300 ms)

========================================================================
Received Prepare
Registering precompiled user dll's ...
Registered in 0.001203 seconds.
Begin MonoManager ReloadAssembly
Native extension for WindowsStandalone target not found
Refreshing native plugins compatible for Editor in 0.25 ms, found 0 plugins.
Preloading 0 native plugins for Editor in 0.00 ms.
Invoked RoslynAnalysisRunner static constructor.
RoslynAnalysisRunner will not be running.
RoslynAnalysisRunner has terminated.
Mono: successfully reloaded assembly
- Completed reload, in  1.021 seconds
Platform modules already initialized, skipping
Refreshing native plugins compatible for Editor in 0.25 ms, found 0 plugins.
Preloading 0 native plugins for Editor in 0.00 ms.
Unloading 1114 Unused Serialized files (Serialized files now loaded: 0)
System memory in use before: 62.5 MB.
System memory in use after: 62.6 MB.

Unloading 5 unused Assets to reduce memory usage. Loaded Objects now: 1664.
Total: 2.226600 ms (FindLiveObjects: 0.204300 ms CreateObjectMapping: 0.093600 ms MarkObjects: 1.874900 ms  DeleteObjects: 0.052800 ms)

========================================================================
Received Prepare
Registering precompiled user dll's ...
Registered in 0.000713 seconds.
Begin MonoManager ReloadAssembly
Native extension for WindowsStandalone target not found
Refreshing native plugins compatible for Editor in 0.25 ms, found 0 plugins.
Preloading 0 native plugins for Editor in 0.00 ms.
Invoked RoslynAnalysisRunner static constructor.
RoslynAnalysisRunner will not be running.
RoslynAnalysisRunner has terminated.
Mono: successfully reloaded assembly
- Completed reload, in  0.936 seconds
Platform modules already initialized, skipping
Refreshing native plugins compatible for Editor in 0.29 ms, found 0 plugins.
Preloading 0 native plugins for Editor in 0.00 ms.
Unloading 1114 Unused Serialized files (Serialized files now loaded: 0)
System memory in use before: 61.9 MB.
System memory in use after: 62.0 MB.

Unloading 5 unused Assets to reduce memory usage. Loaded Objects now: 1666.
Total: 2.653400 ms (FindLiveObjects: 0.215600 ms CreateObjectMapping: 0.084900 ms MarkObjects: 2.252800 ms  DeleteObjects: 0.098700 ms)

========================================================================
Received Import Request.
  Time since last request: 380.664292 seconds.
  path: Assets/Objects/Ground/WaveManager.cs
  artifactKey: Guid(9d8eda3c958b7fe4fb9846d4fea1260d) Importer(815301076,1909f56bfc062723c751e8b465ee728b)
Start importing Assets/Objects/Ground/WaveManager.cs using Guid(9d8eda3c958b7fe4fb9846d4fea1260d) Importer(815301076,1909f56bfc062723c751e8b465ee728b)  -> (artifact id: 'e64e01b1d4d8b1b88d83452b07357fc1') in 0.010982 seconds
  Import took 0.013617 seconds .

========================================================================
Received Prepare
Registering precompiled user dll's ...
Registered in 0.000709 seconds.
Begin MonoManager ReloadAssembly
Native extension for WindowsStandalone target not found
Refreshing native plugins compatible for Editor in 0.25 ms, found 0 plugins.
Preloading 0 native plugins for Editor in 0.00 ms.
Invoked RoslynAnalysisRunner static constructor.
RoslynAnalysisRunner will not be running.
RoslynAnalysisRunner has terminated.
Mono: successfully reloaded assembly
- Completed reload, in  1.059 seconds
Platform modules already initialized, skipping
Refreshing native plugins compatible for Editor in 0.25 ms, found 0 plugins.
Preloading 0 native plugins for Editor in 0.00 ms.
Unloading 1114 Unused Serialized files (Serialized files now loaded: 0)
System memory in use before: 62.1 MB.
System memory in use after: 62.2 MB.

Unloading 5 unused Assets to reduce memory usage. Loaded Objects now: 1668.
Total: 2.198800 ms (FindLiveObjects: 0.191300 ms CreateObjectMapping: 0.081500 ms MarkObjects: 1.839700 ms  DeleteObjects: 0.084800 ms)

========================================================================
Received Prepare
Registering precompiled user dll's ...
Registered in 0.001168 seconds.
Begin MonoManager ReloadAssembly
Native extension for WindowsStandalone target not found
Refreshing native plugins compatible for Editor in 0.24 ms, found 0 plugins.
Preloading 0 native plugins for Editor in 0.00 ms.
Invoked RoslynAnalysisRunner static constructor.
RoslynAnalysisRunner will not be running.
RoslynAnalysisRunner has terminated.
Mono: successfully reloaded assembly
- Completed reload, in  1.051 seconds
Platform modules already initialized, skipping
Refreshing native plugins compatible for Editor in 0.28 ms, found 0 plugins.
Preloading 0 native plugins for Editor in 0.00 ms.
Unloading 1114 Unused Serialized files (Serialized files now loaded: 0)
System memory in use before: 62.3 MB.
System memory in use after: 62.4 MB.

Unloading 5 unused Assets to reduce memory usage. Loaded Objects now: 1670.
Total: 2.156300 ms (FindLiveObjects: 0.238400 ms CreateObjectMapping: 0.075400 ms MarkObjects: 1.784300 ms  DeleteObjects: 0.056700 ms)

========================================================================
Received Prepare
Registering precompiled user dll's ...
Registered in 0.000700 seconds.
Begin MonoManager ReloadAssembly
Native extension for WindowsStandalone target not found
Refreshing native plugins compatible for Editor in 0.25 ms, found 0 plugins.
Preloading 0 native plugins for Editor in 0.00 ms.
Invoked RoslynAnalysisRunner static constructor.
RoslynAnalysisRunner will not be running.
RoslynAnalysisRunner has terminated.
Mono: successfully reloaded assembly
- Completed reload, in  1.037 seconds
Platform modules already initialized, skipping
Refreshing native plugins compatible for Editor in 0.30 ms, found 0 plugins.
Preloading 0 native plugins for Editor in 0.00 ms.
Unloading 1114 Unused Serialized files (Serialized files now loaded: 0)
System memory in use before: 62.5 MB.
System memory in use after: 62.6 MB.

Unloading 5 unused Assets to reduce memory usage. Loaded Objects now: 1672.
Total: 2.380700 ms (FindLiveObjects: 0.215300 ms CreateObjectMapping: 0.091500 ms MarkObjects: 1.987000 ms  DeleteObjects: 0.086100 ms)

========================================================================
Received Prepare
Registering precompiled user dll's ...
Registered in 0.000710 seconds.
Begin MonoManager ReloadAssembly
Native extension for WindowsStandalone target not found
Refreshing native plugins compatible for Editor in 0.28 ms, found 0 plugins.
Preloading 0 native plugins for Editor in 0.00 ms.
Invoked RoslynAnalysisRunner static constructor.
RoslynAnalysisRunner will not be running.
RoslynAnalysisRunner has terminated.
Mono: successfully reloaded assembly
- Completed reload, in  0.946 seconds
Platform modules already initialized, skipping
Refreshing native plugins compatible for Editor in 0.24 ms, found 0 plugins.
Preloading 0 native plugins for Editor in 0.00 ms.
Unloading 1114 Unused Serialized files (Serialized files now loaded: 0)
System memory in use before: 62.6 MB.
System memory in use after: 62.6 MB.

Unloading 5 unused Assets to reduce memory usage. Loaded Objects now: 1674.
Total: 2.768000 ms (FindLiveObjects: 0.359300 ms CreateObjectMapping: 0.109900 ms MarkObjects: 2.218700 ms  DeleteObjects: 0.068300 ms)

========================================================================
Received Prepare
Registering precompiled user dll's ...
Registered in 0.000834 seconds.
Begin MonoManager ReloadAssembly
Native extension for WindowsStandalone target not found
Refreshing native plugins compatible for Editor in 0.26 ms, found 0 plugins.
Preloading 0 native plugins for Editor in 0.00 ms.
Invoked RoslynAnalysisRunner static constructor.
RoslynAnalysisRunner will not be running.
RoslynAnalysisRunner has terminated.
Mono: successfully reloaded assembly
- Completed reload, in  1.012 seconds
Platform modules already initialized, skipping
Refreshing native plugins compatible for Editor in 0.26 ms, found 0 plugins.
Preloading 0 native plugins for Editor in 0.00 ms.
Unloading 1114 Unused Serialized files (Serialized files now loaded: 0)
System memory in use before: 61.9 MB.
System memory in use after: 61.9 MB.

Unloading 5 unused Assets to reduce memory usage. Loaded Objects now: 1676.
Total: 2.423100 ms (FindLiveObjects: 0.220400 ms CreateObjectMapping: 0.099300 ms MarkObjects: 1.998400 ms  DeleteObjects: 0.082400 ms)

========================================================================
Received Prepare
Registering precompiled user dll's ...
Registered in 0.000754 seconds.
Begin MonoManager ReloadAssembly
Native extension for WindowsStandalone target not found
Refreshing native plugins compatible for Editor in 0.26 ms, found 0 plugins.
Preloading 0 native plugins for Editor in 0.00 ms.
Invoked RoslynAnalysisRunner static constructor.
RoslynAnalysisRunner will not be running.
RoslynAnalysisRunner has terminated.
Mono: successfully reloaded assembly
- Completed reload, in  1.019 seconds
Platform modules already initialized, skipping
Refreshing native plugins compatible for Editor in 0.25 ms, found 0 plugins.
Preloading 0 native plugins for Editor in 0.00 ms.
Unloading 1114 Unused Serialized files (Serialized files now loaded: 0)
System memory in use before: 62.1 MB.
System memory in use after: 62.1 MB.

Unloading 5 unused Assets to reduce memory usage. Loaded Objects now: 1678.
Total: 2.430000 ms (FindLiveObjects: 0.241300 ms CreateObjectMapping: 0.133200 ms MarkObjects: 1.987700 ms  DeleteObjects: 0.066700 ms)

========================================================================
Received Prepare
Registering precompiled user dll's ...
Registered in 0.000714 seconds.
Begin MonoManager ReloadAssembly
Native extension for WindowsStandalone target not found
Refreshing native plugins compatible for Editor in 0.24 ms, found 0 plugins.
Preloading 0 native plugins for Editor in 0.00 ms.
Invoked RoslynAnalysisRunner static constructor.
RoslynAnalysisRunner will not be running.
RoslynAnalysisRunner has terminated.
Mono: successfully reloaded assembly
- Completed reload, in  1.003 seconds
Platform modules already initialized, skipping
Refreshing native plugins compatible for Editor in 0.24 ms, found 0 plugins.
Preloading 0 native plugins for Editor in 0.00 ms.
Unloading 1114 Unused Serialized files (Serialized files now loaded: 0)
System memory in use before: 62.3 MB.
System memory in use after: 62.3 MB.

Unloading 5 unused Assets to reduce memory usage. Loaded Objects now: 1680.
Total: 2.677700 ms (FindLiveObjects: 0.233300 ms CreateObjectMapping: 0.104100 ms MarkObjects: 2.237000 ms  DeleteObjects: 0.101700 ms)

========================================================================
Received Prepare
Registering precompiled user dll's ...
Registered in 0.000765 seconds.
Begin MonoManager ReloadAssembly
Native extension for WindowsStandalone target not found
Refreshing native plugins compatible for Editor in 0.24 ms, found 0 plugins.
Preloading 0 native plugins for Editor in 0.00 ms.
Invoked RoslynAnalysisRunner static constructor.
RoslynAnalysisRunner will not be running.
RoslynAnalysisRunner has terminated.
Mono: successfully reloaded assembly
- Completed reload, in  0.950 seconds
Platform modules already initialized, skipping
Refreshing native plugins compatible for Editor in 0.26 ms, found 0 plugins.
Preloading 0 native plugins for Editor in 0.00 ms.
Unloading 1114 Unused Serialized files (Serialized files now loaded: 0)
System memory in use before: 62.5 MB.
System memory in use after: 62.5 MB.

Unloading 5 unused Assets to reduce memory usage. Loaded Objects now: 1682.
Total: 2.565400 ms (FindLiveObjects: 0.398100 ms CreateObjectMapping: 0.124100 ms MarkObjects: 1.976200 ms  DeleteObjects: 0.065700 ms)

========================================================================
Received Prepare
Registering precompiled user dll's ...
Registered in 0.000683 seconds.
Begin MonoManager ReloadAssembly
Native extension for WindowsStandalone target not found
Refreshing native plugins compatible for Editor in 0.25 ms, found 0 plugins.
Preloading 0 native plugins for Editor in 0.00 ms.
Invoked RoslynAnalysisRunner static constructor.
RoslynAnalysisRunner will not be running.
RoslynAnalysisRunner has terminated.
Mono: successfully reloaded assembly
- Completed reload, in  0.981 seconds
Platform modules already initialized, skipping
Refreshing native plugins compatible for Editor in 0.25 ms, found 0 plugins.
Preloading 0 native plugins for Editor in 0.00 ms.
Unloading 1114 Unused Serialized files (Serialized files now loaded: 0)
System memory in use before: 62.6 MB.
System memory in use after: 62.7 MB.

Unloading 5 unused Assets to reduce memory usage. Loaded Objects now: 1684.
Total: 2.313200 ms (FindLiveObjects: 0.205900 ms CreateObjectMapping: 0.084600 ms MarkObjects: 1.948500 ms  DeleteObjects: 0.073000 ms)

========================================================================
Received Prepare
Registering precompiled user dll's ...
Registered in 0.000743 seconds.
Begin MonoManager ReloadAssembly
Native extension for WindowsStandalone target not found
Refreshing native plugins compatible for Editor in 0.25 ms, found 0 plugins.
Preloading 0 native plugins for Editor in 0.00 ms.
Invoked RoslynAnalysisRunner static constructor.
RoslynAnalysisRunner will not be running.
RoslynAnalysisRunner has terminated.
Mono: successfully reloaded assembly
- Completed reload, in  0.950 seconds
Platform modules already initialized, skipping
Refreshing native plugins compatible for Editor in 0.24 ms, found 0 plugins.
Preloading 0 native plugins for Editor in 0.00 ms.
Unloading 1114 Unused Serialized files (Serialized files now loaded: 0)
System memory in use before: 61.8 MB.
System memory in use after: 61.9 MB.

Unloading 5 unused Assets to reduce memory usage. Loaded Objects now: 1686.
Total: 2.393300 ms (FindLiveObjects: 0.182400 ms CreateObjectMapping: 0.074200 ms MarkObjects: 2.042100 ms  DeleteObjects: 0.093400 ms)

========================================================================
Received Prepare
Registering precompiled user dll's ...
Registered in 0.000718 seconds.
Begin MonoManager ReloadAssembly
Native extension for WindowsStandalone target not found
Refreshing native plugins compatible for Editor in 0.27 ms, found 0 plugins.
Preloading 0 native plugins for Editor in 0.00 ms.
Invoked RoslynAnalysisRunner static constructor.
RoslynAnalysisRunner will not be running.
RoslynAnalysisRunner has terminated.
Mono: successfully reloaded assembly
- Completed reload, in  0.984 seconds
Platform modules already initialized, skipping
Refreshing native plugins compatible for Editor in 0.33 ms, found 0 plugins.
Preloading 0 native plugins for Editor in 0.00 ms.
Unloading 1114 Unused Serialized files (Serialized files now loaded: 0)
System memory in use before: 62.0 MB.
System memory in use after: 62.1 MB.

Unloading 5 unused Assets to reduce memory usage. Loaded Objects now: 1688.
Total: 3.715000 ms (FindLiveObjects: 0.236500 ms CreateObjectMapping: 0.629400 ms MarkObjects: 2.764400 ms  DeleteObjects: 0.082800 ms)

========================================================================
Received Prepare
Registering precompiled user dll's ...
Registered in 0.000722 seconds.
Begin MonoManager ReloadAssembly
Native extension for WindowsStandalone target not found
Refreshing native plugins compatible for Editor in 0.24 ms, found 0 plugins.
Preloading 0 native plugins for Editor in 0.00 ms.
Invoked RoslynAnalysisRunner static constructor.
RoslynAnalysisRunner will not be running.
RoslynAnalysisRunner has terminated.
Mono: successfully reloaded assembly
- Completed reload, in  0.922 seconds
Platform modules already initialized, skipping
Refreshing native plugins compatible for Editor in 0.25 ms, found 0 plugins.
Preloading 0 native plugins for Editor in 0.00 ms.
Unloading 1114 Unused Serialized files (Serialized files now loaded: 0)
System memory in use before: 62.2 MB.
System memory in use after: 62.3 MB.

Unloading 5 unused Assets to reduce memory usage. Loaded Objects now: 1690.
Total: 2.475300 ms (FindLiveObjects: 0.194700 ms CreateObjectMapping: 0.077700 ms MarkObjects: 2.109700 ms  DeleteObjects: 0.092400 ms)

========================================================================
Received Import Request.
  Time since last request: 2613.540297 seconds.
  path: Assets/Objects/Enemies/Prefabs/RangedEnemy.prefab
  artifactKey: Guid(7bb84d71974d43447aa52c2d29643c18) Importer(815301076,1909f56bfc062723c751e8b465ee728b)
Start importing Assets/Objects/Enemies/Prefabs/RangedEnemy.prefab using Guid(7bb84d71974d43447aa52c2d29643c18) Importer(815301076,1909f56bfc062723c751e8b465ee728b)  -> (artifact id: '0d9b3e80a4320c91de65327d6a517133') in 0.085257 seconds
  Import took 0.099974 seconds .

========================================================================
Received Import Request.
  Time since last request: 7.398704 seconds.
  path: Assets/Objects/Player/Weapons/Test/Hitbox/Beam.prefab
  artifactKey: Guid(7a352d3373a62ea41ab85f789f1d0a7f) Importer(815301076,1909f56bfc062723c751e8b465ee728b)
Start importing Assets/Objects/Player/Weapons/Test/Hitbox/Beam.prefab using Guid(7a352d3373a62ea41ab85f789f1d0a7f) Importer(815301076,1909f56bfc062723c751e8b465ee728b)  -> (artifact id: '39ba1c0c15b05bb1ffd98207abeb0596') in 0.043981 seconds
  Import took 0.063022 seconds .

========================================================================
Received Import Request.
  Time since last request: 0.000349 seconds.
  path: Assets/Objects/Player/Weapons/Test/Hitbox/Shot.prefab
  artifactKey: Guid(bbfa3e0239efcb745bdb2e4429a7af19) Importer(815301076,1909f56bfc062723c751e8b465ee728b)
Start importing Assets/Objects/Player/Weapons/Test/Hitbox/Shot.prefab using Guid(bbfa3e0239efcb745bdb2e4429a7af19) Importer(815301076,1909f56bfc062723c751e8b465ee728b)  -> (artifact id: 'eeeb4ffbfc06268a74d993246d651365') in 0.050807 seconds
  Import took 0.053882 seconds .

========================================================================
Received Import Request.
  Time since last request: 0.000210 seconds.
  path: Assets/Objects/Player/Weapons/Test/Hitbox/Slash.prefab
  artifactKey: Guid(c761648ed3927d44998593a433b1954d) Importer(815301076,1909f56bfc062723c751e8b465ee728b)
Start importing Assets/Objects/Player/Weapons/Test/Hitbox/Slash.prefab using Guid(c761648ed3927d44998593a433b1954d) Importer(815301076,1909f56bfc062723c751e8b465ee728b)  -> (artifact id: '794a553bbd768c4578055d3bc8fb6cbb') in 0.039602 seconds
  Import took 0.041911 seconds .

========================================================================
Received Import Request.
  Time since last request: 0.000213 seconds.
  path: Assets/Objects/Player/Weapons/Test/Hitbox/Projectile.prefab
  artifactKey: Guid(b0dd931008cfc84429019a1c000f6d18) Importer(815301076,1909f56bfc062723c751e8b465ee728b)
Start importing Assets/Objects/Player/Weapons/Test/Hitbox/Projectile.prefab using Guid(b0dd931008cfc84429019a1c000f6d18) Importer(815301076,1909f56bfc062723c751e8b465ee728b)  -> (artifact id: '98a298ad888d4f8c46eb2673a90abe74') in 0.018662 seconds
  Import took 0.030107 seconds .

========================================================================
Received Prepare
Registering precompiled user dll's ...
Registered in 0.000842 seconds.
Begin MonoManager ReloadAssembly
Native extension for WindowsStandalone target not found
Refreshing native plugins compatible for Editor in 0.28 ms, found 0 plugins.
Preloading 0 native plugins for Editor in 0.00 ms.
Invoked RoslynAnalysisRunner static constructor.
RoslynAnalysisRunner will not be running.
RoslynAnalysisRunner has terminated.
Mono: successfully reloaded assembly
- Completed reload, in  1.036 seconds
Platform modules already initialized, skipping
Refreshing native plugins compatible for Editor in 0.33 ms, found 0 plugins.
Preloading 0 native plugins for Editor in 0.00 ms.
Unloading 1114 Unused Serialized files (Serialized files now loaded: 0)
System memory in use before: 62.4 MB.
System memory in use after: 62.5 MB.

Unloading 6 unused Assets to reduce memory usage. Loaded Objects now: 1693.
Total: 2.230700 ms (FindLiveObjects: 0.196200 ms CreateObjectMapping: 0.076500 ms MarkObjects: 1.871600 ms  DeleteObjects: 0.085400 ms)

========================================================================
Received Prepare
Registering precompiled user dll's ...
Registered in 0.000739 seconds.
Begin MonoManager ReloadAssembly
Native extension for WindowsStandalone target not found
Refreshing native plugins compatible for Editor in 0.25 ms, found 0 plugins.
Preloading 0 native plugins for Editor in 0.00 ms.
Invoked RoslynAnalysisRunner static constructor.
RoslynAnalysisRunner will not be running.
RoslynAnalysisRunner has terminated.
Mono: successfully reloaded assembly
- Completed reload, in  1.012 seconds
Platform modules already initialized, skipping
Refreshing native plugins compatible for Editor in 0.24 ms, found 0 plugins.
Preloading 0 native plugins for Editor in 0.00 ms.
Unloading 1114 Unused Serialized files (Serialized files now loaded: 0)
System memory in use before: 62.6 MB.
System memory in use after: 62.7 MB.

Unloading 5 unused Assets to reduce memory usage. Loaded Objects now: 1695.
Total: 2.270000 ms (FindLiveObjects: 0.223000 ms CreateObjectMapping: 0.099100 ms MarkObjects: 1.855700 ms  DeleteObjects: 0.090400 ms)

========================================================================
Received Import Request.
  Time since last request: 150.387870 seconds.
  path: Assets/Objects/Player/Player.prefab
  artifactKey: Guid(574864fe2d1904b4d90d30a8d735d758) Importer(815301076,1909f56bfc062723c751e8b465ee728b)
Start importing Assets/Objects/Player/Player.prefab using Guid(574864fe2d1904b4d90d30a8d735d758) Importer(815301076,1909f56bfc062723c751e8b465ee728b)  -> (artifact id: '5b3f316ad3ded0b6a0ba728c6594629a') in 0.088819 seconds
  Import took 0.091385 seconds .

========================================================================
Received Prepare
Registering precompiled user dll's ...
Registered in 0.000776 seconds.
Begin MonoManager ReloadAssembly
Native extension for WindowsStandalone target not found
Refreshing native plugins compatible for Editor in 0.25 ms, found 0 plugins.
Preloading 0 native plugins for Editor in 0.00 ms.
Invoked RoslynAnalysisRunner static constructor.
RoslynAnalysisRunner will not be running.
RoslynAnalysisRunner has terminated.
Mono: successfully reloaded assembly
- Completed reload, in  1.016 seconds
Platform modules already initialized, skipping
Refreshing native plugins compatible for Editor in 0.25 ms, found 0 plugins.
Preloading 0 native plugins for Editor in 0.00 ms.
Unloading 1114 Unused Serialized files (Serialized files now loaded: 0)
System memory in use before: 61.8 MB.
System memory in use after: 61.9 MB.

Unloading 6 unused Assets to reduce memory usage. Loaded Objects now: 1698.
Total: 2.600800 ms (FindLiveObjects: 0.456900 ms CreateObjectMapping: 0.108200 ms MarkObjects: 1.960400 ms  DeleteObjects: 0.074100 ms)

========================================================================
Received Import Request.
  Time since last request: 149.950382 seconds.
  path: Assets/Objects/Enemies/Prefabs/RangedEnemy.prefab
  artifactKey: Guid(7bb84d71974d43447aa52c2d29643c18) Importer(815301076,1909f56bfc062723c751e8b465ee728b)
Start importing Assets/Objects/Enemies/Prefabs/RangedEnemy.prefab using Guid(7bb84d71974d43447aa52c2d29643c18) Importer(815301076,1909f56bfc062723c751e8b465ee728b)  -> (artifact id: '3067b1ae4ceb26f4683fda5b47aaa45d') in 0.095503 seconds
  Import took 0.109342 seconds .

========================================================================
Received Prepare
Registering precompiled user dll's ...
Registered in 0.000705 seconds.
Begin MonoManager ReloadAssembly
Native extension for WindowsStandalone target not found
Refreshing native plugins compatible for Editor in 0.53 ms, found 0 plugins.
Preloading 0 native plugins for Editor in 0.00 ms.
Invoked RoslynAnalysisRunner static constructor.
RoslynAnalysisRunner will not be running.
RoslynAnalysisRunner has terminated.
Mono: successfully reloaded assembly
- Completed reload, in  1.083 seconds
Platform modules already initialized, skipping
Refreshing native plugins compatible for Editor in 0.47 ms, found 0 plugins.
Preloading 0 native plugins for Editor in 0.00 ms.
Unloading 1114 Unused Serialized files (Serialized files now loaded: 0)
System memory in use before: 62.0 MB.
System memory in use after: 62.1 MB.

Unloading 5 unused Assets to reduce memory usage. Loaded Objects now: 1701.
Total: 2.728000 ms (FindLiveObjects: 0.214000 ms CreateObjectMapping: 0.164400 ms MarkObjects: 2.284100 ms  DeleteObjects: 0.064000 ms)

========================================================================
Received Import Request.
  Time since last request: 10.024787 seconds.
  path: Assets/Objects/Enemies/Prefabs/RangedEnemy.prefab
  artifactKey: Guid(7bb84d71974d43447aa52c2d29643c18) Importer(815301076,1909f56bfc062723c751e8b465ee728b)
Start importing Assets/Objects/Enemies/Prefabs/RangedEnemy.prefab using Guid(7bb84d71974d43447aa52c2d29643c18) Importer(815301076,1909f56bfc062723c751e8b465ee728b)  -> (artifact id: '1f9fea29bdcecd328e75eeaa3a5c548a') in 0.107970 seconds
  Import took 0.110878 seconds .

========================================================================
Received Prepare
Registering precompiled user dll's ...
Registered in 0.000685 seconds.
Begin MonoManager ReloadAssembly
Native extension for WindowsStandalone target not found
Refreshing native plugins compatible for Editor in 0.24 ms, found 0 plugins.
Preloading 0 native plugins for Editor in 0.00 ms.
Invoked RoslynAnalysisRunner static constructor.
RoslynAnalysisRunner will not be running.
RoslynAnalysisRunner has terminated.
Mono: successfully reloaded assembly
- Completed reload, in  1.026 seconds
Platform modules already initialized, skipping
Refreshing native plugins compatible for Editor in 0.25 ms, found 0 plugins.
Preloading 0 native plugins for Editor in 0.00 ms.
Unloading 1114 Unused Serialized files (Serialized files now loaded: 0)
System memory in use before: 62.2 MB.
System memory in use after: 62.3 MB.

Unloading 5 unused Assets to reduce memory usage. Loaded Objects now: 1704.
Total: 2.332900 ms (FindLiveObjects: 0.236200 ms CreateObjectMapping: 0.084300 ms MarkObjects: 1.948400 ms  DeleteObjects: 0.062500 ms)

========================================================================
Received Prepare
Registering precompiled user dll's ...
Registered in 0.000718 seconds.
Begin MonoManager ReloadAssembly
Native extension for WindowsStandalone target not found
Refreshing native plugins compatible for Editor in 0.25 ms, found 0 plugins.
Preloading 0 native plugins for Editor in 0.00 ms.
Invoked RoslynAnalysisRunner static constructor.
RoslynAnalysisRunner will not be running.
RoslynAnalysisRunner has terminated.
Mono: successfully reloaded assembly
- Completed reload, in  0.953 seconds
Platform modules already initialized, skipping
Refreshing native plugins compatible for Editor in 0.25 ms, found 0 plugins.
Preloading 0 native plugins for Editor in 0.00 ms.
Unloading 1114 Unused Serialized files (Serialized files now loaded: 0)
System memory in use before: 62.4 MB.
System memory in use after: 62.5 MB.

Unloading 5 unused Assets to reduce memory usage. Loaded Objects now: 1706.
Total: 2.584600 ms (FindLiveObjects: 0.240100 ms CreateObjectMapping: 0.118900 ms MarkObjects: 2.145400 ms  DeleteObjects: 0.079000 ms)

AssetImportWorkerClient::OnTransportError - code=2 error=End of file
